00:01:27.141 [main] INFO  c.e.talkroom.TalkroomApplication - Starting TalkroomApplication on ROXI with PID 14372 (D:\SmartFrame\talkroom\target\classes started by Roxi酱 in D:\SmartFrame\talkroom) 
00:01:27.152 [main] INFO  c.e.talkroom.TalkroomApplication - No active profile set, falling back to default profiles: default 
00:01:27.706 [main] INFO  o.s.d.r.c.RepositoryConfigurationDelegate - Multiple Spring Data modules found, entering strict repository configuration mode! 
00:01:27.707 [main] INFO  o.s.d.r.c.RepositoryConfigurationDelegate - Bootstrapping Spring Data repositories in DEFAULT mode. 
00:01:27.731 [main] INFO  o.s.d.r.c.RepositoryConfigurationDelegate - Finished Spring Data repository scanning in 14ms. Found 0 repository interfaces. 
00:01:27.993 [main] INFO  o.s.c.s.PostProcessorRegistrationDelegate$BeanPostProcessorChecker - Bean 'org.springframework.transaction.annotation.ProxyTransactionManagementConfiguration' of type [org.springframework.transaction.annotation.ProxyTransactionManagementConfiguration$$EnhancerBySpringCGLIB$$ef2c7c9] is not eligible for getting processed by all BeanPostProcessors (for example: not eligible for auto-proxying) 
00:01:28.172 [main] INFO  o.s.b.w.e.tomcat.TomcatWebServer - Tomcat initialized with port(s): 8080 (http) 
00:01:28.188 [main] INFO  o.a.catalina.core.StandardService - Starting service [Tomcat] 
00:01:28.188 [main] INFO  o.a.catalina.core.StandardEngine - Starting Servlet engine: [Apache Tomcat/9.0.19] 
00:01:28.193 [main] INFO  o.a.c.core.AprLifecycleListener - An older version [1.2.18] of the APR based Apache Tomcat Native library is installed, while Tomcat recommends a minimum version of [1.2.21] 
00:01:28.193 [main] INFO  o.a.c.core.AprLifecycleListener - Loaded APR based Apache Tomcat Native library [1.2.18] using APR version [1.6.5]. 
00:01:28.193 [main] INFO  o.a.c.core.AprLifecycleListener - APR capabilities: IPv6 [true], sendfile [true], accept filters [false], random [true]. 
00:01:28.193 [main] INFO  o.a.c.core.AprLifecycleListener - APR/OpenSSL configuration: useAprConnector [false], useOpenSSL [true] 
00:01:28.197 [main] INFO  o.a.c.core.AprLifecycleListener - OpenSSL successfully initialized [OpenSSL 1.1.1  11 Sep 2018] 
00:01:28.308 [main] INFO  o.a.c.c.C.[Tomcat].[localhost].[/] - Initializing Spring embedded WebApplicationContext 
00:01:28.691 [main] INFO  o.s.s.c.ThreadPoolTaskExecutor - Initializing ExecutorService 'applicationTaskExecutor' 
00:01:29.061 [main] INFO  o.s.b.w.e.tomcat.TomcatWebServer - Tomcat started on port(s): 8080 (http) with context path '' 
00:01:29.063 [main] INFO  c.e.talkroom.TalkroomApplication - Started TalkroomApplication in 2.274 seconds (JVM running for 3.134) 
00:01:46.618 [http-nio-8080-exec-1] INFO  o.a.c.c.C.[Tomcat].[localhost].[/] - Initializing Spring DispatcherServlet 'dispatcherServlet' 
00:02:28.722 [main] INFO  c.e.talkroom.TalkroomApplication - Starting TalkroomApplication on ROXI with PID 12944 (D:\SmartFrame\talkroom\target\classes started by Roxi酱 in D:\SmartFrame\talkroom) 
00:02:28.724 [main] INFO  c.e.talkroom.TalkroomApplication - No active profile set, falling back to default profiles: default 
00:02:29.310 [main] INFO  o.s.d.r.c.RepositoryConfigurationDelegate - Multiple Spring Data modules found, entering strict repository configuration mode! 
00:02:29.311 [main] INFO  o.s.d.r.c.RepositoryConfigurationDelegate - Bootstrapping Spring Data repositories in DEFAULT mode. 
00:02:29.334 [main] INFO  o.s.d.r.c.RepositoryConfigurationDelegate - Finished Spring Data repository scanning in 13ms. Found 0 repository interfaces. 
00:02:29.557 [main] INFO  o.s.c.s.PostProcessorRegistrationDelegate$BeanPostProcessorChecker - Bean 'org.springframework.transaction.annotation.ProxyTransactionManagementConfiguration' of type [org.springframework.transaction.annotation.ProxyTransactionManagementConfiguration$$EnhancerBySpringCGLIB$$1ebdf479] is not eligible for getting processed by all BeanPostProcessors (for example: not eligible for auto-proxying) 
00:02:29.740 [main] INFO  o.s.b.w.e.tomcat.TomcatWebServer - Tomcat initialized with port(s): 8080 (http) 
00:02:29.755 [main] INFO  o.a.catalina.core.StandardService - Starting service [Tomcat] 
00:02:29.756 [main] INFO  o.a.catalina.core.StandardEngine - Starting Servlet engine: [Apache Tomcat/9.0.19] 
00:02:29.761 [main] INFO  o.a.c.core.AprLifecycleListener - An older version [1.2.18] of the APR based Apache Tomcat Native library is installed, while Tomcat recommends a minimum version of [1.2.21] 
00:02:29.761 [main] INFO  o.a.c.core.AprLifecycleListener - Loaded APR based Apache Tomcat Native library [1.2.18] using APR version [1.6.5]. 
00:02:29.761 [main] INFO  o.a.c.core.AprLifecycleListener - APR capabilities: IPv6 [true], sendfile [true], accept filters [false], random [true]. 
00:02:29.761 [main] INFO  o.a.c.core.AprLifecycleListener - APR/OpenSSL configuration: useAprConnector [false], useOpenSSL [true] 
00:02:29.765 [main] INFO  o.a.c.core.AprLifecycleListener - OpenSSL successfully initialized [OpenSSL 1.1.1  11 Sep 2018] 
00:02:29.872 [main] INFO  o.a.c.c.C.[Tomcat].[localhost].[/] - Initializing Spring embedded WebApplicationContext 
00:02:30.225 [main] INFO  o.s.s.c.ThreadPoolTaskExecutor - Initializing ExecutorService 'applicationTaskExecutor' 
00:02:30.585 [main] INFO  o.s.b.w.e.tomcat.TomcatWebServer - Tomcat started on port(s): 8080 (http) with context path '' 
00:02:30.587 [main] INFO  c.e.talkroom.TalkroomApplication - Started TalkroomApplication in 2.214 seconds (JVM running for 3.053) 
00:02:33.725 [http-nio-8080-exec-1] INFO  o.a.c.c.C.[Tomcat].[localhost].[/] - Initializing Spring DispatcherServlet 'dispatcherServlet' 
10:17:53.675 [main] INFO  c.e.talkroom.TalkroomApplication - Starting TalkroomApplication on ROXI with PID 15492 (D:\SmartFrame\talkroom\target\classes started by Roxi酱 in D:\SmartFrame\talkroom) 
10:17:53.700 [main] INFO  c.e.talkroom.TalkroomApplication - No active profile set, falling back to default profiles: default 
10:17:56.046 [main] INFO  o.s.d.r.c.RepositoryConfigurationDelegate - Multiple Spring Data modules found, entering strict repository configuration mode! 
10:17:56.056 [main] INFO  o.s.d.r.c.RepositoryConfigurationDelegate - Bootstrapping Spring Data repositories in DEFAULT mode. 
10:17:56.157 [main] INFO  o.s.d.r.c.RepositoryConfigurationDelegate - Finished Spring Data repository scanning in 53ms. Found 0 repository interfaces. 
10:17:57.182 [main] INFO  o.s.c.s.PostProcessorRegistrationDelegate$BeanPostProcessorChecker - Bean 'org.springframework.transaction.annotation.ProxyTransactionManagementConfiguration' of type [org.springframework.transaction.annotation.ProxyTransactionManagementConfiguration$$EnhancerBySpringCGLIB$$acf1d187] is not eligible for getting processed by all BeanPostProcessors (for example: not eligible for auto-proxying) 
10:17:57.963 [main] INFO  o.s.b.w.e.tomcat.TomcatWebServer - Tomcat initialized with port(s): 8080 (http) 
10:17:58.024 [main] INFO  o.a.catalina.core.StandardService - Starting service [Tomcat] 
10:17:58.026 [main] INFO  o.a.catalina.core.StandardEngine - Starting Servlet engine: [Apache Tomcat/9.0.19] 
10:17:58.043 [main] INFO  o.a.c.core.AprLifecycleListener - An older version [1.2.18] of the APR based Apache Tomcat Native library is installed, while Tomcat recommends a minimum version of [1.2.21] 
10:17:58.045 [main] INFO  o.a.c.core.AprLifecycleListener - Loaded APR based Apache Tomcat Native library [1.2.18] using APR version [1.6.5]. 
10:17:58.046 [main] INFO  o.a.c.core.AprLifecycleListener - APR capabilities: IPv6 [true], sendfile [true], accept filters [false], random [true]. 
10:17:58.047 [main] INFO  o.a.c.core.AprLifecycleListener - APR/OpenSSL configuration: useAprConnector [false], useOpenSSL [true] 
10:17:58.163 [main] INFO  o.a.c.core.AprLifecycleListener - OpenSSL successfully initialized [OpenSSL 1.1.1  11 Sep 2018] 
10:17:58.561 [main] INFO  o.a.c.c.C.[Tomcat].[localhost].[/] - Initializing Spring embedded WebApplicationContext 
10:18:00.032 [main] INFO  o.s.s.c.ThreadPoolTaskExecutor - Initializing ExecutorService 'applicationTaskExecutor' 
10:18:01.512 [main] INFO  o.s.b.w.e.tomcat.TomcatWebServer - Tomcat started on port(s): 8080 (http) with context path '' 
10:18:01.520 [main] INFO  c.e.talkroom.TalkroomApplication - Started TalkroomApplication in 9.214 seconds (JVM running for 13.573) 
10:18:24.935 [http-nio-8080-exec-1] INFO  o.a.c.c.C.[Tomcat].[localhost].[/] - Initializing Spring DispatcherServlet 'dispatcherServlet' 
10:18:26.461 [http-nio-8080-exec-2] ERROR o.a.t.w.pojo.PojoEndpointBase - Failed to call onError method of POJO end point for POJO of type [com.example.talkroom.controller.WsController] 
java.lang.reflect.InvocationTargetException: null
	at sun.reflect.NativeMethodAccessorImpl.invoke0(Native Method)
	at sun.reflect.NativeMethodAccessorImpl.invoke(NativeMethodAccessorImpl.java:62)
	at sun.reflect.DelegatingMethodAccessorImpl.invoke(DelegatingMethodAccessorImpl.java:43)
	at java.lang.reflect.Method.invoke(Method.java:498)
	at org.apache.tomcat.websocket.pojo.PojoEndpointBase.onError(PojoEndpointBase.java:130)
	at org.apache.tomcat.websocket.pojo.PojoEndpointBase.handleOnOpenOrCloseError(PojoEndpointBase.java:90)
	at org.apache.tomcat.websocket.pojo.PojoEndpointBase.doOnOpen(PojoEndpointBase.java:77)
	at org.apache.tomcat.websocket.pojo.PojoEndpointServer.onOpen(PojoEndpointServer.java:64)
	at org.apache.tomcat.websocket.server.WsHttpUpgradeHandler.init(WsHttpUpgradeHandler.java:133)
	at org.apache.coyote.AbstractProtocol$ConnectionHandler.process(AbstractProtocol.java:882)
	at org.apache.tomcat.util.net.NioEndpoint$SocketProcessor.doRun(NioEndpoint.java:1747)
	at org.apache.tomcat.util.net.SocketProcessorBase.run(SocketProcessorBase.java:49)
	at java.util.concurrent.ThreadPoolExecutor.runWorker(ThreadPoolExecutor.java:1149)
	at java.util.concurrent.ThreadPoolExecutor$Worker.run(ThreadPoolExecutor.java:624)
	at org.apache.tomcat.util.threads.TaskThread$WrappingRunnable.run(TaskThread.java:61)
	at java.lang.Thread.run(Thread.java:748)
Caused by: java.lang.IllegalStateException: Message will not be sent because the WebSocket session has been closed
	at org.apache.tomcat.websocket.WsRemoteEndpointImplBase.writeMessagePart(WsRemoteEndpointImplBase.java:425)
	at org.apache.tomcat.websocket.WsRemoteEndpointImplBase.startMessage(WsRemoteEndpointImplBase.java:381)
	at org.apache.tomcat.websocket.WsRemoteEndpointImplBase$TextMessageSendHandler.write(WsRemoteEndpointImplBase.java:803)
	at org.apache.tomcat.websocket.WsRemoteEndpointImplBase.sendStringByCompletion(WsRemoteEndpointImplBase.java:212)
	at org.apache.tomcat.websocket.WsRemoteEndpointImplBase.sendStringByFuture(WsRemoteEndpointImplBase.java:197)
	at org.apache.tomcat.websocket.WsRemoteEndpointAsync.sendText(WsRemoteEndpointAsync.java:53)
	at com.example.talkroom.controller.WsController.onError(WsController.java:63)
	... 16 common frames omitted
10:21:15.481 [main] INFO  c.e.talkroom.TalkroomApplication - Starting TalkroomApplication on ROXI with PID 7996 (D:\SmartFrame\talkroom\target\classes started by Roxi酱 in D:\SmartFrame\talkroom) 
10:21:15.489 [main] INFO  c.e.talkroom.TalkroomApplication - No active profile set, falling back to default profiles: default 
10:21:17.480 [main] INFO  o.s.d.r.c.RepositoryConfigurationDelegate - Multiple Spring Data modules found, entering strict repository configuration mode! 
10:21:17.486 [main] INFO  o.s.d.r.c.RepositoryConfigurationDelegate - Bootstrapping Spring Data repositories in DEFAULT mode. 
10:21:17.566 [main] INFO  o.s.d.r.c.RepositoryConfigurationDelegate - Finished Spring Data repository scanning in 47ms. Found 0 repository interfaces. 
10:21:18.350 [main] INFO  o.s.c.s.PostProcessorRegistrationDelegate$BeanPostProcessorChecker - Bean 'org.springframework.transaction.annotation.ProxyTransactionManagementConfiguration' of type [org.springframework.transaction.annotation.ProxyTransactionManagementConfiguration$$EnhancerBySpringCGLIB$$caf20642] is not eligible for getting processed by all BeanPostProcessors (for example: not eligible for auto-proxying) 
10:21:18.983 [main] INFO  o.s.b.w.e.tomcat.TomcatWebServer - Tomcat initialized with port(s): 8080 (http) 
10:21:19.036 [main] INFO  o.a.catalina.core.StandardService - Starting service [Tomcat] 
10:21:19.038 [main] INFO  o.a.catalina.core.StandardEngine - Starting Servlet engine: [Apache Tomcat/9.0.19] 
10:21:19.054 [main] INFO  o.a.c.core.AprLifecycleListener - An older version [1.2.18] of the APR based Apache Tomcat Native library is installed, while Tomcat recommends a minimum version of [1.2.21] 
10:21:19.055 [main] INFO  o.a.c.core.AprLifecycleListener - Loaded APR based Apache Tomcat Native library [1.2.18] using APR version [1.6.5]. 
10:21:19.056 [main] INFO  o.a.c.core.AprLifecycleListener - APR capabilities: IPv6 [true], sendfile [true], accept filters [false], random [true]. 
10:21:19.057 [main] INFO  o.a.c.core.AprLifecycleListener - APR/OpenSSL configuration: useAprConnector [false], useOpenSSL [true] 
10:21:19.067 [main] INFO  o.a.c.core.AprLifecycleListener - OpenSSL successfully initialized [OpenSSL 1.1.1  11 Sep 2018] 
10:21:19.461 [main] INFO  o.a.c.c.C.[Tomcat].[localhost].[/] - Initializing Spring embedded WebApplicationContext 
10:21:20.845 [main] INFO  o.s.s.c.ThreadPoolTaskExecutor - Initializing ExecutorService 'applicationTaskExecutor' 
10:21:22.318 [main] INFO  o.s.b.w.e.tomcat.TomcatWebServer - Tomcat started on port(s): 8080 (http) with context path '' 
10:21:22.326 [main] INFO  c.e.talkroom.TalkroomApplication - Started TalkroomApplication in 7.882 seconds (JVM running for 11.119) 
10:21:22.660 [http-nio-8080-exec-1] INFO  o.a.c.c.C.[Tomcat].[localhost].[/] - Initializing Spring DispatcherServlet 'dispatcherServlet' 
10:21:23.621 [http-nio-8080-exec-2] ERROR o.a.t.w.pojo.PojoEndpointBase - Failed to call onError method of POJO end point for POJO of type [com.example.talkroom.controller.WsController] 
java.lang.reflect.InvocationTargetException: null
	at sun.reflect.NativeMethodAccessorImpl.invoke0(Native Method)
	at sun.reflect.NativeMethodAccessorImpl.invoke(NativeMethodAccessorImpl.java:62)
	at sun.reflect.DelegatingMethodAccessorImpl.invoke(DelegatingMethodAccessorImpl.java:43)
	at java.lang.reflect.Method.invoke(Method.java:498)
	at org.apache.tomcat.websocket.pojo.PojoEndpointBase.onError(PojoEndpointBase.java:130)
	at org.apache.tomcat.websocket.pojo.PojoEndpointBase.handleOnOpenOrCloseError(PojoEndpointBase.java:90)
	at org.apache.tomcat.websocket.pojo.PojoEndpointBase.doOnOpen(PojoEndpointBase.java:77)
	at org.apache.tomcat.websocket.pojo.PojoEndpointServer.onOpen(PojoEndpointServer.java:64)
	at org.apache.tomcat.websocket.server.WsHttpUpgradeHandler.init(WsHttpUpgradeHandler.java:133)
	at org.apache.coyote.AbstractProtocol$ConnectionHandler.process(AbstractProtocol.java:882)
	at org.apache.tomcat.util.net.NioEndpoint$SocketProcessor.doRun(NioEndpoint.java:1747)
	at org.apache.tomcat.util.net.SocketProcessorBase.run(SocketProcessorBase.java:49)
	at java.util.concurrent.ThreadPoolExecutor.runWorker(ThreadPoolExecutor.java:1149)
	at java.util.concurrent.ThreadPoolExecutor$Worker.run(ThreadPoolExecutor.java:624)
	at org.apache.tomcat.util.threads.TaskThread$WrappingRunnable.run(TaskThread.java:61)
	at java.lang.Thread.run(Thread.java:748)
Caused by: java.lang.IllegalStateException: Message will not be sent because the WebSocket session has been closed
	at org.apache.tomcat.websocket.WsRemoteEndpointImplBase.writeMessagePart(WsRemoteEndpointImplBase.java:425)
	at org.apache.tomcat.websocket.WsRemoteEndpointImplBase.startMessage(WsRemoteEndpointImplBase.java:381)
	at org.apache.tomcat.websocket.WsRemoteEndpointImplBase$TextMessageSendHandler.write(WsRemoteEndpointImplBase.java:803)
	at org.apache.tomcat.websocket.WsRemoteEndpointImplBase.sendStringByCompletion(WsRemoteEndpointImplBase.java:212)
	at org.apache.tomcat.websocket.WsRemoteEndpointImplBase.sendStringByFuture(WsRemoteEndpointImplBase.java:197)
	at org.apache.tomcat.websocket.WsRemoteEndpointAsync.sendText(WsRemoteEndpointAsync.java:53)
	at com.example.talkroom.controller.WsController.onError(WsController.java:63)
	... 16 common frames omitted
10:29:56.855 [main] INFO  c.e.talkroom.TalkroomApplication - Starting TalkroomApplication on ROXI with PID 6296 (D:\SmartFrame\talkroom\target\classes started by Roxi酱 in D:\SmartFrame\talkroom) 
10:29:56.867 [main] INFO  c.e.talkroom.TalkroomApplication - No active profile set, falling back to default profiles: default 
10:29:58.555 [main] INFO  o.s.d.r.c.RepositoryConfigurationDelegate - Multiple Spring Data modules found, entering strict repository configuration mode! 
10:29:58.561 [main] INFO  o.s.d.r.c.RepositoryConfigurationDelegate - Bootstrapping Spring Data repositories in DEFAULT mode. 
10:29:58.639 [main] INFO  o.s.d.r.c.RepositoryConfigurationDelegate - Finished Spring Data repository scanning in 46ms. Found 0 repository interfaces. 
10:29:59.397 [main] INFO  o.s.c.s.PostProcessorRegistrationDelegate$BeanPostProcessorChecker - Bean 'org.springframework.transaction.annotation.ProxyTransactionManagementConfiguration' of type [org.springframework.transaction.annotation.ProxyTransactionManagementConfiguration$$EnhancerBySpringCGLIB$$588c1299] is not eligible for getting processed by all BeanPostProcessors (for example: not eligible for auto-proxying) 
10:29:59.969 [main] INFO  o.s.b.w.e.tomcat.TomcatWebServer - Tomcat initialized with port(s): 8080 (http) 
10:30:00.020 [main] INFO  o.a.catalina.core.StandardService - Starting service [Tomcat] 
10:30:00.022 [main] INFO  o.a.catalina.core.StandardEngine - Starting Servlet engine: [Apache Tomcat/9.0.19] 
10:30:00.037 [main] INFO  o.a.c.core.AprLifecycleListener - An older version [1.2.18] of the APR based Apache Tomcat Native library is installed, while Tomcat recommends a minimum version of [1.2.21] 
10:30:00.038 [main] INFO  o.a.c.core.AprLifecycleListener - Loaded APR based Apache Tomcat Native library [1.2.18] using APR version [1.6.5]. 
10:30:00.039 [main] INFO  o.a.c.core.AprLifecycleListener - APR capabilities: IPv6 [true], sendfile [true], accept filters [false], random [true]. 
10:30:00.040 [main] INFO  o.a.c.core.AprLifecycleListener - APR/OpenSSL configuration: useAprConnector [false], useOpenSSL [true] 
10:30:00.050 [main] INFO  o.a.c.core.AprLifecycleListener - OpenSSL successfully initialized [OpenSSL 1.1.1  11 Sep 2018] 
10:30:00.397 [main] INFO  o.a.c.c.C.[Tomcat].[localhost].[/] - Initializing Spring embedded WebApplicationContext 
10:30:01.603 [main] INFO  o.s.s.c.ThreadPoolTaskExecutor - Initializing ExecutorService 'applicationTaskExecutor' 
10:30:03.129 [main] INFO  o.s.b.w.e.tomcat.TomcatWebServer - Tomcat started on port(s): 8080 (http) with context path '' 
10:30:03.138 [main] INFO  c.e.talkroom.TalkroomApplication - Started TalkroomApplication in 7.297 seconds (JVM running for 10.252) 
10:30:05.509 [http-nio-8080-exec-1] INFO  o.a.c.c.C.[Tomcat].[localhost].[/] - Initializing Spring DispatcherServlet 'dispatcherServlet' 
10:53:39.921 [main] INFO  c.e.talkroom.TalkroomApplication - Starting TalkroomApplication on ROXI with PID 5500 (D:\SmartFrame\talkroom\target\classes started by Roxi酱 in D:\SmartFrame\talkroom) 
10:53:39.929 [main] INFO  c.e.talkroom.TalkroomApplication - No active profile set, falling back to default profiles: default 
10:53:41.800 [main] INFO  o.s.d.r.c.RepositoryConfigurationDelegate - Multiple Spring Data modules found, entering strict repository configuration mode! 
10:53:41.806 [main] INFO  o.s.d.r.c.RepositoryConfigurationDelegate - Bootstrapping Spring Data repositories in DEFAULT mode. 
10:53:41.884 [main] INFO  o.s.d.r.c.RepositoryConfigurationDelegate - Finished Spring Data repository scanning in 47ms. Found 0 repository interfaces. 
10:53:42.798 [main] INFO  o.s.c.s.PostProcessorRegistrationDelegate$BeanPostProcessorChecker - Bean 'org.springframework.transaction.annotation.ProxyTransactionManagementConfiguration' of type [org.springframework.transaction.annotation.ProxyTransactionManagementConfiguration$$EnhancerBySpringCGLIB$$d3ae6e27] is not eligible for getting processed by all BeanPostProcessors (for example: not eligible for auto-proxying) 
10:53:43.417 [main] INFO  o.s.b.w.e.tomcat.TomcatWebServer - Tomcat initialized with port(s): 8080 (http) 
10:53:43.472 [main] INFO  o.a.catalina.core.StandardService - Starting service [Tomcat] 
10:53:43.473 [main] INFO  o.a.catalina.core.StandardEngine - Starting Servlet engine: [Apache Tomcat/9.0.19] 
10:53:43.491 [main] INFO  o.a.c.core.AprLifecycleListener - An older version [1.2.18] of the APR based Apache Tomcat Native library is installed, while Tomcat recommends a minimum version of [1.2.21] 
10:53:43.493 [main] INFO  o.a.c.core.AprLifecycleListener - Loaded APR based Apache Tomcat Native library [1.2.18] using APR version [1.6.5]. 
10:53:43.494 [main] INFO  o.a.c.core.AprLifecycleListener - APR capabilities: IPv6 [true], sendfile [true], accept filters [false], random [true]. 
10:53:43.496 [main] INFO  o.a.c.core.AprLifecycleListener - APR/OpenSSL configuration: useAprConnector [false], useOpenSSL [true] 
10:53:43.506 [main] INFO  o.a.c.core.AprLifecycleListener - OpenSSL successfully initialized [OpenSSL 1.1.1  11 Sep 2018] 
10:53:43.879 [main] INFO  o.a.c.c.C.[Tomcat].[localhost].[/] - Initializing Spring embedded WebApplicationContext 
10:53:46.399 [main] INFO  o.s.s.c.ThreadPoolTaskExecutor - Initializing ExecutorService 'applicationTaskExecutor' 
10:53:48.986 [main] INFO  o.s.b.w.e.tomcat.TomcatWebServer - Tomcat started on port(s): 8080 (http) with context path '' 
10:53:48.998 [main] INFO  c.e.talkroom.TalkroomApplication - Started TalkroomApplication in 10.141 seconds (JVM running for 13.293) 
10:53:49.109 [http-nio-8080-exec-1] INFO  o.a.c.c.C.[Tomcat].[localhost].[/] - Initializing Spring DispatcherServlet 'dispatcherServlet' 
10:53:49.913 [http-nio-8080-exec-2] ERROR o.a.t.w.pojo.PojoEndpointBase - Failed to call onError method of POJO end point for POJO of type [com.example.talkroom.controller.WsController] 
java.lang.reflect.InvocationTargetException: null
	at sun.reflect.NativeMethodAccessorImpl.invoke0(Native Method)
	at sun.reflect.NativeMethodAccessorImpl.invoke(NativeMethodAccessorImpl.java:62)
	at sun.reflect.DelegatingMethodAccessorImpl.invoke(DelegatingMethodAccessorImpl.java:43)
	at java.lang.reflect.Method.invoke(Method.java:498)
	at org.apache.tomcat.websocket.pojo.PojoEndpointBase.onError(PojoEndpointBase.java:130)
	at org.apache.tomcat.websocket.pojo.PojoEndpointBase.handleOnOpenOrCloseError(PojoEndpointBase.java:90)
	at org.apache.tomcat.websocket.pojo.PojoEndpointBase.doOnOpen(PojoEndpointBase.java:77)
	at org.apache.tomcat.websocket.pojo.PojoEndpointServer.onOpen(PojoEndpointServer.java:64)
	at org.apache.tomcat.websocket.server.WsHttpUpgradeHandler.init(WsHttpUpgradeHandler.java:133)
	at org.apache.coyote.AbstractProtocol$ConnectionHandler.process(AbstractProtocol.java:882)
	at org.apache.tomcat.util.net.NioEndpoint$SocketProcessor.doRun(NioEndpoint.java:1747)
	at org.apache.tomcat.util.net.SocketProcessorBase.run(SocketProcessorBase.java:49)
	at java.util.concurrent.ThreadPoolExecutor.runWorker(ThreadPoolExecutor.java:1149)
	at java.util.concurrent.ThreadPoolExecutor$Worker.run(ThreadPoolExecutor.java:624)
	at org.apache.tomcat.util.threads.TaskThread$WrappingRunnable.run(TaskThread.java:61)
	at java.lang.Thread.run(Thread.java:748)
Caused by: java.lang.IllegalStateException: Message will not be sent because the WebSocket session has been closed
	at org.apache.tomcat.websocket.WsRemoteEndpointImplBase.writeMessagePart(WsRemoteEndpointImplBase.java:425)
	at org.apache.tomcat.websocket.WsRemoteEndpointImplBase.startMessage(WsRemoteEndpointImplBase.java:381)
	at org.apache.tomcat.websocket.WsRemoteEndpointImplBase$TextMessageSendHandler.write(WsRemoteEndpointImplBase.java:803)
	at org.apache.tomcat.websocket.WsRemoteEndpointImplBase.sendStringByCompletion(WsRemoteEndpointImplBase.java:212)
	at org.apache.tomcat.websocket.WsRemoteEndpointImplBase.sendStringByFuture(WsRemoteEndpointImplBase.java:197)
	at org.apache.tomcat.websocket.WsRemoteEndpointAsync.sendText(WsRemoteEndpointAsync.java:53)
	at com.example.talkroom.controller.WsController.onError(WsController.java:63)
	... 16 common frames omitted
11:02:40.960 [main] INFO  c.e.talkroom.TalkroomApplication - Starting TalkroomApplication on ROXI with PID 8448 (D:\SmartFrame\talkroom\target\classes started by Roxi酱 in D:\SmartFrame\talkroom) 
11:02:40.970 [main] INFO  c.e.talkroom.TalkroomApplication - No active profile set, falling back to default profiles: default 
11:02:42.720 [main] INFO  o.s.d.r.c.RepositoryConfigurationDelegate - Multiple Spring Data modules found, entering strict repository configuration mode! 
11:02:42.727 [main] INFO  o.s.d.r.c.RepositoryConfigurationDelegate - Bootstrapping Spring Data repositories in DEFAULT mode. 
11:02:42.804 [main] INFO  o.s.d.r.c.RepositoryConfigurationDelegate - Finished Spring Data repository scanning in 46ms. Found 0 repository interfaces. 
11:02:43.531 [main] INFO  o.s.c.s.PostProcessorRegistrationDelegate$BeanPostProcessorChecker - Bean 'org.springframework.transaction.annotation.ProxyTransactionManagementConfiguration' of type [org.springframework.transaction.annotation.ProxyTransactionManagementConfiguration$$EnhancerBySpringCGLIB$$cc7e729f] is not eligible for getting processed by all BeanPostProcessors (for example: not eligible for auto-proxying) 
11:02:44.147 [main] INFO  o.s.b.w.e.tomcat.TomcatWebServer - Tomcat initialized with port(s): 8080 (http) 
11:02:44.200 [main] INFO  o.a.catalina.core.StandardService - Starting service [Tomcat] 
11:02:44.202 [main] INFO  o.a.catalina.core.StandardEngine - Starting Servlet engine: [Apache Tomcat/9.0.19] 
11:02:44.218 [main] INFO  o.a.c.core.AprLifecycleListener - An older version [1.2.18] of the APR based Apache Tomcat Native library is installed, while Tomcat recommends a minimum version of [1.2.21] 
11:02:44.219 [main] INFO  o.a.c.core.AprLifecycleListener - Loaded APR based Apache Tomcat Native library [1.2.18] using APR version [1.6.5]. 
11:02:44.219 [main] INFO  o.a.c.core.AprLifecycleListener - APR capabilities: IPv6 [true], sendfile [true], accept filters [false], random [true]. 
11:02:44.220 [main] INFO  o.a.c.core.AprLifecycleListener - APR/OpenSSL configuration: useAprConnector [false], useOpenSSL [true] 
11:02:44.230 [main] INFO  o.a.c.core.AprLifecycleListener - OpenSSL successfully initialized [OpenSSL 1.1.1  11 Sep 2018] 
11:02:44.596 [main] INFO  o.a.c.c.C.[Tomcat].[localhost].[/] - Initializing Spring embedded WebApplicationContext 
11:02:45.890 [main] INFO  o.s.s.c.ThreadPoolTaskExecutor - Initializing ExecutorService 'applicationTaskExecutor' 
11:02:47.142 [main] INFO  o.s.b.w.e.tomcat.TomcatWebServer - Tomcat started on port(s): 8080 (http) with context path '' 
11:02:47.150 [main] INFO  c.e.talkroom.TalkroomApplication - Started TalkroomApplication in 7.319 seconds (JVM running for 10.511) 
11:02:56.754 [http-nio-8080-exec-1] INFO  o.a.c.c.C.[Tomcat].[localhost].[/] - Initializing Spring DispatcherServlet 'dispatcherServlet' 
11:11:42.067 [main] INFO  c.e.talkroom.TalkroomApplication - Starting TalkroomApplication on ROXI with PID 15520 (D:\SmartFrame\talkroom\target\classes started by Roxi酱 in D:\SmartFrame\talkroom) 
11:11:42.074 [main] INFO  c.e.talkroom.TalkroomApplication - No active profile set, falling back to default profiles: default 
11:11:43.700 [main] INFO  o.s.d.r.c.RepositoryConfigurationDelegate - Multiple Spring Data modules found, entering strict repository configuration mode! 
11:11:43.706 [main] INFO  o.s.d.r.c.RepositoryConfigurationDelegate - Bootstrapping Spring Data repositories in DEFAULT mode. 
11:11:43.781 [main] INFO  o.s.d.r.c.RepositoryConfigurationDelegate - Finished Spring Data repository scanning in 43ms. Found 0 repository interfaces. 
11:11:44.499 [main] INFO  o.s.c.s.PostProcessorRegistrationDelegate$BeanPostProcessorChecker - Bean 'org.springframework.transaction.annotation.ProxyTransactionManagementConfiguration' of type [org.springframework.transaction.annotation.ProxyTransactionManagementConfiguration$$EnhancerBySpringCGLIB$$81c0fb82] is not eligible for getting processed by all BeanPostProcessors (for example: not eligible for auto-proxying) 
11:11:45.102 [main] INFO  o.s.b.w.e.tomcat.TomcatWebServer - Tomcat initialized with port(s): 8080 (http) 
11:11:45.157 [main] INFO  o.a.catalina.core.StandardService - Starting service [Tomcat] 
11:11:45.159 [main] INFO  o.a.catalina.core.StandardEngine - Starting Servlet engine: [Apache Tomcat/9.0.19] 
11:11:45.177 [main] INFO  o.a.c.core.AprLifecycleListener - An older version [1.2.18] of the APR based Apache Tomcat Native library is installed, while Tomcat recommends a minimum version of [1.2.21] 
11:11:45.178 [main] INFO  o.a.c.core.AprLifecycleListener - Loaded APR based Apache Tomcat Native library [1.2.18] using APR version [1.6.5]. 
11:11:45.178 [main] INFO  o.a.c.core.AprLifecycleListener - APR capabilities: IPv6 [true], sendfile [true], accept filters [false], random [true]. 
11:11:45.180 [main] INFO  o.a.c.core.AprLifecycleListener - APR/OpenSSL configuration: useAprConnector [false], useOpenSSL [true] 
11:11:45.189 [main] INFO  o.a.c.core.AprLifecycleListener - OpenSSL successfully initialized [OpenSSL 1.1.1  11 Sep 2018] 
11:11:45.525 [main] INFO  o.a.c.c.C.[Tomcat].[localhost].[/] - Initializing Spring embedded WebApplicationContext 
11:11:46.715 [main] INFO  o.s.s.c.ThreadPoolTaskExecutor - Initializing ExecutorService 'applicationTaskExecutor' 
11:11:47.898 [main] INFO  o.s.b.w.e.tomcat.TomcatWebServer - Tomcat started on port(s): 8080 (http) with context path '' 
11:11:47.906 [main] INFO  c.e.talkroom.TalkroomApplication - Started TalkroomApplication in 6.873 seconds (JVM running for 9.798) 
11:15:02.777 [http-nio-8080-exec-1] INFO  o.a.c.c.C.[Tomcat].[localhost].[/] - Initializing Spring DispatcherServlet 'dispatcherServlet' 
11:22:03.753 [main] INFO  c.e.talkroom.TalkroomApplication - Starting TalkroomApplication on ROXI with PID 15464 (D:\SmartFrame\talkroom\target\classes started by Roxi酱 in D:\SmartFrame\talkroom) 
11:22:03.755 [main] INFO  c.e.talkroom.TalkroomApplication - No active profile set, falling back to default profiles: default 
11:22:04.294 [main] INFO  o.s.d.r.c.RepositoryConfigurationDelegate - Multiple Spring Data modules found, entering strict repository configuration mode! 
11:22:04.295 [main] INFO  o.s.d.r.c.RepositoryConfigurationDelegate - Bootstrapping Spring Data repositories in DEFAULT mode. 
11:22:04.317 [main] INFO  o.s.d.r.c.RepositoryConfigurationDelegate - Finished Spring Data repository scanning in 12ms. Found 0 repository interfaces. 
11:22:04.525 [main] INFO  o.s.c.s.PostProcessorRegistrationDelegate$BeanPostProcessorChecker - Bean 'org.springframework.transaction.annotation.ProxyTransactionManagementConfiguration' of type [org.springframework.transaction.annotation.ProxyTransactionManagementConfiguration$$EnhancerBySpringCGLIB$$f0dab559] is not eligible for getting processed by all BeanPostProcessors (for example: not eligible for auto-proxying) 
11:22:04.700 [main] INFO  o.s.b.w.e.tomcat.TomcatWebServer - Tomcat initialized with port(s): 8080 (http) 
11:22:04.715 [main] INFO  o.a.catalina.core.StandardService - Starting service [Tomcat] 
11:22:04.715 [main] INFO  o.a.catalina.core.StandardEngine - Starting Servlet engine: [Apache Tomcat/9.0.19] 
11:22:04.720 [main] INFO  o.a.c.core.AprLifecycleListener - An older version [1.2.18] of the APR based Apache Tomcat Native library is installed, while Tomcat recommends a minimum version of [1.2.21] 
11:22:04.720 [main] INFO  o.a.c.core.AprLifecycleListener - Loaded APR based Apache Tomcat Native library [1.2.18] using APR version [1.6.5]. 
11:22:04.720 [main] INFO  o.a.c.core.AprLifecycleListener - APR capabilities: IPv6 [true], sendfile [true], accept filters [false], random [true]. 
11:22:04.721 [main] INFO  o.a.c.core.AprLifecycleListener - APR/OpenSSL configuration: useAprConnector [false], useOpenSSL [true] 
11:22:04.723 [main] INFO  o.a.c.core.AprLifecycleListener - OpenSSL successfully initialized [OpenSSL 1.1.1  11 Sep 2018] 
11:22:04.819 [main] INFO  o.a.c.c.C.[Tomcat].[localhost].[/] - Initializing Spring embedded WebApplicationContext 
11:22:05.162 [main] INFO  o.s.s.c.ThreadPoolTaskExecutor - Initializing ExecutorService 'applicationTaskExecutor' 
11:22:05.493 [main] INFO  o.s.b.w.e.tomcat.TomcatWebServer - Tomcat started on port(s): 8080 (http) with context path '' 
11:22:05.495 [main] INFO  c.e.talkroom.TalkroomApplication - Started TalkroomApplication in 2.069 seconds (JVM running for 2.841) 
11:22:18.258 [http-nio-8080-exec-1] INFO  o.a.c.c.C.[Tomcat].[localhost].[/] - Initializing Spring DispatcherServlet 'dispatcherServlet' 
11:24:01.769 [main] INFO  c.e.talkroom.TalkroomApplication - Starting TalkroomApplication on ROXI with PID 15984 (D:\SmartFrame\talkroom\target\classes started by Roxi酱 in D:\SmartFrame\talkroom) 
11:24:01.771 [main] INFO  c.e.talkroom.TalkroomApplication - No active profile set, falling back to default profiles: default 
11:24:02.324 [main] INFO  o.s.d.r.c.RepositoryConfigurationDelegate - Multiple Spring Data modules found, entering strict repository configuration mode! 
11:24:02.326 [main] INFO  o.s.d.r.c.RepositoryConfigurationDelegate - Bootstrapping Spring Data repositories in DEFAULT mode. 
11:24:02.349 [main] INFO  o.s.d.r.c.RepositoryConfigurationDelegate - Finished Spring Data repository scanning in 14ms. Found 0 repository interfaces. 
11:24:02.583 [main] INFO  o.s.c.s.PostProcessorRegistrationDelegate$BeanPostProcessorChecker - Bean 'org.springframework.transaction.annotation.ProxyTransactionManagementConfiguration' of type [org.springframework.transaction.annotation.ProxyTransactionManagementConfiguration$$EnhancerBySpringCGLIB$$b8149ea6] is not eligible for getting processed by all BeanPostProcessors (for example: not eligible for auto-proxying) 
11:24:02.751 [main] INFO  o.s.b.w.e.tomcat.TomcatWebServer - Tomcat initialized with port(s): 8080 (http) 
11:24:02.765 [main] INFO  o.a.catalina.core.StandardService - Starting service [Tomcat] 
11:24:02.766 [main] INFO  o.a.catalina.core.StandardEngine - Starting Servlet engine: [Apache Tomcat/9.0.19] 
11:24:02.770 [main] INFO  o.a.c.core.AprLifecycleListener - An older version [1.2.18] of the APR based Apache Tomcat Native library is installed, while Tomcat recommends a minimum version of [1.2.21] 
11:24:02.770 [main] INFO  o.a.c.core.AprLifecycleListener - Loaded APR based Apache Tomcat Native library [1.2.18] using APR version [1.6.5]. 
11:24:02.770 [main] INFO  o.a.c.core.AprLifecycleListener - APR capabilities: IPv6 [true], sendfile [true], accept filters [false], random [true]. 
11:24:02.771 [main] INFO  o.a.c.core.AprLifecycleListener - APR/OpenSSL configuration: useAprConnector [false], useOpenSSL [true] 
11:24:02.773 [main] INFO  o.a.c.core.AprLifecycleListener - OpenSSL successfully initialized [OpenSSL 1.1.1  11 Sep 2018] 
11:24:02.865 [main] INFO  o.a.c.c.C.[Tomcat].[localhost].[/] - Initializing Spring embedded WebApplicationContext 
11:24:03.220 [main] INFO  o.s.s.c.ThreadPoolTaskExecutor - Initializing ExecutorService 'applicationTaskExecutor' 
11:24:03.561 [main] INFO  o.s.b.w.e.tomcat.TomcatWebServer - Tomcat started on port(s): 8080 (http) with context path '' 
11:24:03.564 [main] INFO  c.e.talkroom.TalkroomApplication - Started TalkroomApplication in 2.123 seconds (JVM running for 2.999) 
11:24:10.442 [http-nio-8080-exec-1] INFO  o.a.c.c.C.[Tomcat].[localhost].[/] - Initializing Spring DispatcherServlet 'dispatcherServlet' 
11:41:25.774 [main] INFO  c.e.talkroom.TalkroomApplication - Starting TalkroomApplication on ROXI with PID 8620 (D:\SmartFrame\talkroom\target\classes started by Roxi酱 in D:\SmartFrame\talkroom) 
11:41:25.777 [main] INFO  c.e.talkroom.TalkroomApplication - No active profile set, falling back to default profiles: default 
11:41:26.298 [main] INFO  o.s.d.r.c.RepositoryConfigurationDelegate - Multiple Spring Data modules found, entering strict repository configuration mode! 
11:41:26.299 [main] INFO  o.s.d.r.c.RepositoryConfigurationDelegate - Bootstrapping Spring Data repositories in DEFAULT mode. 
11:41:26.320 [main] INFO  o.s.d.r.c.RepositoryConfigurationDelegate - Finished Spring Data repository scanning in 12ms. Found 0 repository interfaces. 
11:41:26.534 [main] INFO  o.s.c.s.PostProcessorRegistrationDelegate$BeanPostProcessorChecker - Bean 'org.springframework.transaction.annotation.ProxyTransactionManagementConfiguration' of type [org.springframework.transaction.annotation.ProxyTransactionManagementConfiguration$$EnhancerBySpringCGLIB$$1ebdf479] is not eligible for getting processed by all BeanPostProcessors (for example: not eligible for auto-proxying) 
11:41:26.712 [main] INFO  o.s.b.w.e.tomcat.TomcatWebServer - Tomcat initialized with port(s): 8080 (http) 
11:41:26.727 [main] INFO  o.a.catalina.core.StandardService - Starting service [Tomcat] 
11:41:26.728 [main] INFO  o.a.catalina.core.StandardEngine - Starting Servlet engine: [Apache Tomcat/9.0.19] 
11:41:26.732 [main] INFO  o.a.c.core.AprLifecycleListener - An older version [1.2.18] of the APR based Apache Tomcat Native library is installed, while Tomcat recommends a minimum version of [1.2.21] 
11:41:26.733 [main] INFO  o.a.c.core.AprLifecycleListener - Loaded APR based Apache Tomcat Native library [1.2.18] using APR version [1.6.5]. 
11:41:26.733 [main] INFO  o.a.c.core.AprLifecycleListener - APR capabilities: IPv6 [true], sendfile [true], accept filters [false], random [true]. 
11:41:26.733 [main] INFO  o.a.c.core.AprLifecycleListener - APR/OpenSSL configuration: useAprConnector [false], useOpenSSL [true] 
11:41:26.736 [main] INFO  o.a.c.core.AprLifecycleListener - OpenSSL successfully initialized [OpenSSL 1.1.1  11 Sep 2018] 
11:41:26.836 [main] INFO  o.a.c.c.C.[Tomcat].[localhost].[/] - Initializing Spring embedded WebApplicationContext 
11:41:27.174 [main] INFO  o.s.s.c.ThreadPoolTaskExecutor - Initializing ExecutorService 'applicationTaskExecutor' 
11:41:27.509 [main] INFO  o.s.b.w.e.tomcat.TomcatWebServer - Tomcat started on port(s): 8080 (http) with context path '' 
11:41:27.511 [main] INFO  c.e.talkroom.TalkroomApplication - Started TalkroomApplication in 2.069 seconds (JVM running for 2.85) 
11:41:31.520 [http-nio-8080-exec-1] INFO  o.a.c.c.C.[Tomcat].[localhost].[/] - Initializing Spring DispatcherServlet 'dispatcherServlet' 
11:45:43.924 [main] INFO  c.e.talkroom.TalkroomApplication - Starting TalkroomApplication on ROXI with PID 15552 (D:\SmartFrame\talkroom\target\classes started by Roxi酱 in D:\SmartFrame\talkroom) 
11:45:43.930 [main] INFO  c.e.talkroom.TalkroomApplication - No active profile set, falling back to default profiles: default 
11:45:44.579 [main] INFO  o.s.d.r.c.RepositoryConfigurationDelegate - Multiple Spring Data modules found, entering strict repository configuration mode! 
11:45:44.582 [main] INFO  o.s.d.r.c.RepositoryConfigurationDelegate - Bootstrapping Spring Data repositories in DEFAULT mode. 
11:45:44.613 [main] INFO  o.s.d.r.c.RepositoryConfigurationDelegate - Finished Spring Data repository scanning in 17ms. Found 0 repository interfaces. 
11:45:44.873 [main] INFO  o.s.c.s.PostProcessorRegistrationDelegate$BeanPostProcessorChecker - Bean 'org.springframework.transaction.annotation.ProxyTransactionManagementConfiguration' of type [org.springframework.transaction.annotation.ProxyTransactionManagementConfiguration$$EnhancerBySpringCGLIB$$e949fd3a] is not eligible for getting processed by all BeanPostProcessors (for example: not eligible for auto-proxying) 
11:45:45.058 [main] INFO  o.s.b.w.e.tomcat.TomcatWebServer - Tomcat initialized with port(s): 8080 (http) 
11:45:45.075 [main] INFO  o.a.catalina.core.StandardService - Starting service [Tomcat] 
11:45:45.075 [main] INFO  o.a.catalina.core.StandardEngine - Starting Servlet engine: [Apache Tomcat/9.0.19] 
11:45:45.081 [main] INFO  o.a.c.core.AprLifecycleListener - An older version [1.2.18] of the APR based Apache Tomcat Native library is installed, while Tomcat recommends a minimum version of [1.2.21] 
11:45:45.081 [main] INFO  o.a.c.core.AprLifecycleListener - Loaded APR based Apache Tomcat Native library [1.2.18] using APR version [1.6.5]. 
11:45:45.081 [main] INFO  o.a.c.core.AprLifecycleListener - APR capabilities: IPv6 [true], sendfile [true], accept filters [false], random [true]. 
11:45:45.082 [main] INFO  o.a.c.core.AprLifecycleListener - APR/OpenSSL configuration: useAprConnector [false], useOpenSSL [true] 
11:45:45.085 [main] INFO  o.a.c.core.AprLifecycleListener - OpenSSL successfully initialized [OpenSSL 1.1.1  11 Sep 2018] 
11:45:45.183 [main] INFO  o.a.c.c.C.[Tomcat].[localhost].[/] - Initializing Spring embedded WebApplicationContext 
11:45:45.568 [main] INFO  o.s.s.c.ThreadPoolTaskExecutor - Initializing ExecutorService 'applicationTaskExecutor' 
11:45:45.917 [main] INFO  o.s.b.w.e.tomcat.TomcatWebServer - Tomcat started on port(s): 8080 (http) with context path '' 
11:45:45.919 [main] INFO  c.e.talkroom.TalkroomApplication - Started TalkroomApplication in 2.373 seconds (JVM running for 3.217) 
11:45:59.143 [http-nio-8080-exec-1] INFO  o.a.c.c.C.[Tomcat].[localhost].[/] - Initializing Spring DispatcherServlet 'dispatcherServlet' 
11:47:55.027 [main] INFO  c.e.talkroom.TalkroomApplication - Starting TalkroomApplication on ROXI with PID 16940 (D:\SmartFrame\talkroom\target\classes started by Roxi酱 in D:\SmartFrame\talkroom) 
11:47:55.030 [main] INFO  c.e.talkroom.TalkroomApplication - No active profile set, falling back to default profiles: default 
11:47:55.577 [main] INFO  o.s.d.r.c.RepositoryConfigurationDelegate - Multiple Spring Data modules found, entering strict repository configuration mode! 
11:47:55.579 [main] INFO  o.s.d.r.c.RepositoryConfigurationDelegate - Bootstrapping Spring Data repositories in DEFAULT mode. 
11:47:55.603 [main] INFO  o.s.d.r.c.RepositoryConfigurationDelegate - Finished Spring Data repository scanning in 14ms. Found 0 repository interfaces. 
11:47:55.857 [main] INFO  o.s.c.s.PostProcessorRegistrationDelegate$BeanPostProcessorChecker - Bean 'org.springframework.transaction.annotation.ProxyTransactionManagementConfiguration' of type [org.springframework.transaction.annotation.ProxyTransactionManagementConfiguration$$EnhancerBySpringCGLIB$$95100001] is not eligible for getting processed by all BeanPostProcessors (for example: not eligible for auto-proxying) 
11:47:56.044 [main] INFO  o.s.b.w.e.tomcat.TomcatWebServer - Tomcat initialized with port(s): 8080 (http) 
11:47:56.060 [main] INFO  o.a.catalina.core.StandardService - Starting service [Tomcat] 
11:47:56.061 [main] INFO  o.a.catalina.core.StandardEngine - Starting Servlet engine: [Apache Tomcat/9.0.19] 
11:47:56.066 [main] INFO  o.a.c.core.AprLifecycleListener - An older version [1.2.18] of the APR based Apache Tomcat Native library is installed, while Tomcat recommends a minimum version of [1.2.21] 
11:47:56.066 [main] INFO  o.a.c.core.AprLifecycleListener - Loaded APR based Apache Tomcat Native library [1.2.18] using APR version [1.6.5]. 
11:47:56.066 [main] INFO  o.a.c.core.AprLifecycleListener - APR capabilities: IPv6 [true], sendfile [true], accept filters [false], random [true]. 
11:47:56.067 [main] INFO  o.a.c.core.AprLifecycleListener - APR/OpenSSL configuration: useAprConnector [false], useOpenSSL [true] 
11:47:56.070 [main] INFO  o.a.c.core.AprLifecycleListener - OpenSSL successfully initialized [OpenSSL 1.1.1  11 Sep 2018] 
11:47:56.166 [main] INFO  o.a.c.c.C.[Tomcat].[localhost].[/] - Initializing Spring embedded WebApplicationContext 
11:47:56.536 [main] INFO  o.s.s.c.ThreadPoolTaskExecutor - Initializing ExecutorService 'applicationTaskExecutor' 
11:47:56.908 [main] INFO  o.s.b.w.e.tomcat.TomcatWebServer - Tomcat started on port(s): 8080 (http) with context path '' 
11:47:56.910 [main] INFO  c.e.talkroom.TalkroomApplication - Started TalkroomApplication in 2.247 seconds (JVM running for 3.089) 
11:47:59.477 [http-nio-8080-exec-1] INFO  o.a.c.c.C.[Tomcat].[localhost].[/] - Initializing Spring DispatcherServlet 'dispatcherServlet' 
11:49:47.434 [main] INFO  c.e.talkroom.TalkroomApplication - Starting TalkroomApplication on ROXI with PID 10828 (D:\SmartFrame\talkroom\target\classes started by Roxi酱 in D:\SmartFrame\talkroom) 
11:49:47.437 [main] INFO  c.e.talkroom.TalkroomApplication - No active profile set, falling back to default profiles: default 
11:49:48.325 [main] INFO  o.s.d.r.c.RepositoryConfigurationDelegate - Multiple Spring Data modules found, entering strict repository configuration mode! 
11:49:48.327 [main] INFO  o.s.d.r.c.RepositoryConfigurationDelegate - Bootstrapping Spring Data repositories in DEFAULT mode. 
11:49:48.349 [main] INFO  o.s.d.r.c.RepositoryConfigurationDelegate - Finished Spring Data repository scanning in 13ms. Found 0 repository interfaces. 
11:49:48.565 [main] INFO  o.s.c.s.PostProcessorRegistrationDelegate$BeanPostProcessorChecker - Bean 'org.springframework.transaction.annotation.ProxyTransactionManagementConfiguration' of type [org.springframework.transaction.annotation.ProxyTransactionManagementConfiguration$$EnhancerBySpringCGLIB$$b85d0d67] is not eligible for getting processed by all BeanPostProcessors (for example: not eligible for auto-proxying) 
11:49:48.739 [main] INFO  o.s.b.w.e.tomcat.TomcatWebServer - Tomcat initialized with port(s): 8080 (http) 
11:49:48.753 [main] INFO  o.a.catalina.core.StandardService - Starting service [Tomcat] 
11:49:48.754 [main] INFO  o.a.catalina.core.StandardEngine - Starting Servlet engine: [Apache Tomcat/9.0.19] 
11:49:48.759 [main] INFO  o.a.c.core.AprLifecycleListener - An older version [1.2.18] of the APR based Apache Tomcat Native library is installed, while Tomcat recommends a minimum version of [1.2.21] 
11:49:48.759 [main] INFO  o.a.c.core.AprLifecycleListener - Loaded APR based Apache Tomcat Native library [1.2.18] using APR version [1.6.5]. 
11:49:48.759 [main] INFO  o.a.c.core.AprLifecycleListener - APR capabilities: IPv6 [true], sendfile [true], accept filters [false], random [true]. 
11:49:48.759 [main] INFO  o.a.c.core.AprLifecycleListener - APR/OpenSSL configuration: useAprConnector [false], useOpenSSL [true] 
11:49:48.762 [main] INFO  o.a.c.core.AprLifecycleListener - OpenSSL successfully initialized [OpenSSL 1.1.1  11 Sep 2018] 
11:49:48.863 [main] INFO  o.a.c.c.C.[Tomcat].[localhost].[/] - Initializing Spring embedded WebApplicationContext 
11:49:49.217 [main] INFO  o.s.s.c.ThreadPoolTaskExecutor - Initializing ExecutorService 'applicationTaskExecutor' 
11:49:49.554 [main] INFO  o.s.b.w.e.tomcat.TomcatWebServer - Tomcat started on port(s): 8080 (http) with context path '' 
11:49:49.556 [main] INFO  c.e.talkroom.TalkroomApplication - Started TalkroomApplication in 2.439 seconds (JVM running for 3.26) 
11:49:52.971 [http-nio-8080-exec-1] INFO  o.a.c.c.C.[Tomcat].[localhost].[/] - Initializing Spring DispatcherServlet 'dispatcherServlet' 
11:52:46.942 [main] INFO  c.e.talkroom.TalkroomApplication - Starting TalkroomApplication on ROXI with PID 16524 (D:\SmartFrame\talkroom\target\classes started by Roxi酱 in D:\SmartFrame\talkroom) 
11:52:46.945 [main] INFO  c.e.talkroom.TalkroomApplication - No active profile set, falling back to default profiles: default 
11:52:47.507 [main] INFO  o.s.d.r.c.RepositoryConfigurationDelegate - Multiple Spring Data modules found, entering strict repository configuration mode! 
11:52:47.509 [main] INFO  o.s.d.r.c.RepositoryConfigurationDelegate - Bootstrapping Spring Data repositories in DEFAULT mode. 
11:52:47.532 [main] INFO  o.s.d.r.c.RepositoryConfigurationDelegate - Finished Spring Data repository scanning in 14ms. Found 0 repository interfaces. 
11:52:47.751 [main] INFO  o.s.c.s.PostProcessorRegistrationDelegate$BeanPostProcessorChecker - Bean 'org.springframework.transaction.annotation.ProxyTransactionManagementConfiguration' of type [org.springframework.transaction.annotation.ProxyTransactionManagementConfiguration$$EnhancerBySpringCGLIB$$4b6c7c44] is not eligible for getting processed by all BeanPostProcessors (for example: not eligible for auto-proxying) 
11:52:47.934 [main] INFO  o.s.b.w.e.tomcat.TomcatWebServer - Tomcat initialized with port(s): 8080 (http) 
11:52:47.949 [main] INFO  o.a.catalina.core.StandardService - Starting service [Tomcat] 
11:52:47.950 [main] INFO  o.a.catalina.core.StandardEngine - Starting Servlet engine: [Apache Tomcat/9.0.19] 
11:52:47.955 [main] INFO  o.a.c.core.AprLifecycleListener - An older version [1.2.18] of the APR based Apache Tomcat Native library is installed, while Tomcat recommends a minimum version of [1.2.21] 
11:52:47.955 [main] INFO  o.a.c.core.AprLifecycleListener - Loaded APR based Apache Tomcat Native library [1.2.18] using APR version [1.6.5]. 
11:52:47.955 [main] INFO  o.a.c.core.AprLifecycleListener - APR capabilities: IPv6 [true], sendfile [true], accept filters [false], random [true]. 
11:52:47.956 [main] INFO  o.a.c.core.AprLifecycleListener - APR/OpenSSL configuration: useAprConnector [false], useOpenSSL [true] 
11:52:47.959 [main] INFO  o.a.c.core.AprLifecycleListener - OpenSSL successfully initialized [OpenSSL 1.1.1  11 Sep 2018] 
11:52:48.056 [main] INFO  o.a.c.c.C.[Tomcat].[localhost].[/] - Initializing Spring embedded WebApplicationContext 
11:52:48.452 [main] INFO  o.s.s.c.ThreadPoolTaskExecutor - Initializing ExecutorService 'applicationTaskExecutor' 
11:52:48.802 [main] INFO  o.s.b.w.e.tomcat.TomcatWebServer - Tomcat started on port(s): 8080 (http) with context path '' 
11:52:48.804 [main] INFO  c.e.talkroom.TalkroomApplication - Started TalkroomApplication in 2.172 seconds (JVM running for 2.981) 
11:52:51.379 [http-nio-8080-exec-1] INFO  o.a.c.c.C.[Tomcat].[localhost].[/] - Initializing Spring DispatcherServlet 'dispatcherServlet' 
11:54:29.534 [main] INFO  c.e.talkroom.TalkroomApplication - Starting TalkroomApplication on ROXI with PID 12796 (D:\SmartFrame\talkroom\target\classes started by Roxi酱 in D:\SmartFrame\talkroom) 
11:54:29.537 [main] INFO  c.e.talkroom.TalkroomApplication - No active profile set, falling back to default profiles: default 
11:54:30.058 [main] INFO  o.s.d.r.c.RepositoryConfigurationDelegate - Multiple Spring Data modules found, entering strict repository configuration mode! 
11:54:30.060 [main] INFO  o.s.d.r.c.RepositoryConfigurationDelegate - Bootstrapping Spring Data repositories in DEFAULT mode. 
11:54:30.081 [main] INFO  o.s.d.r.c.RepositoryConfigurationDelegate - Finished Spring Data repository scanning in 12ms. Found 0 repository interfaces. 
11:54:30.281 [main] INFO  o.s.c.s.PostProcessorRegistrationDelegate$BeanPostProcessorChecker - Bean 'org.springframework.transaction.annotation.ProxyTransactionManagementConfiguration' of type [org.springframework.transaction.annotation.ProxyTransactionManagementConfiguration$$EnhancerBySpringCGLIB$$b7058d30] is not eligible for getting processed by all BeanPostProcessors (for example: not eligible for auto-proxying) 
11:54:30.450 [main] INFO  o.s.b.w.e.tomcat.TomcatWebServer - Tomcat initialized with port(s): 8080 (http) 
11:54:30.464 [main] INFO  o.a.catalina.core.StandardService - Starting service [Tomcat] 
11:54:30.465 [main] INFO  o.a.catalina.core.StandardEngine - Starting Servlet engine: [Apache Tomcat/9.0.19] 
11:54:30.470 [main] INFO  o.a.c.core.AprLifecycleListener - An older version [1.2.18] of the APR based Apache Tomcat Native library is installed, while Tomcat recommends a minimum version of [1.2.21] 
11:54:30.470 [main] INFO  o.a.c.core.AprLifecycleListener - Loaded APR based Apache Tomcat Native library [1.2.18] using APR version [1.6.5]. 
11:54:30.470 [main] INFO  o.a.c.core.AprLifecycleListener - APR capabilities: IPv6 [true], sendfile [true], accept filters [false], random [true]. 
11:54:30.470 [main] INFO  o.a.c.core.AprLifecycleListener - APR/OpenSSL configuration: useAprConnector [false], useOpenSSL [true] 
11:54:30.473 [main] INFO  o.a.c.core.AprLifecycleListener - OpenSSL successfully initialized [OpenSSL 1.1.1  11 Sep 2018] 
11:54:30.573 [main] INFO  o.a.c.c.C.[Tomcat].[localhost].[/] - Initializing Spring embedded WebApplicationContext 
11:54:30.921 [main] INFO  o.s.s.c.ThreadPoolTaskExecutor - Initializing ExecutorService 'applicationTaskExecutor' 
11:54:31.280 [main] INFO  o.s.b.w.e.tomcat.TomcatWebServer - Tomcat started on port(s): 8080 (http) with context path '' 
11:54:31.283 [main] INFO  c.e.talkroom.TalkroomApplication - Started TalkroomApplication in 2.068 seconds (JVM running for 2.858) 
11:54:38.259 [http-nio-8080-exec-1] INFO  o.a.c.c.C.[Tomcat].[localhost].[/] - Initializing Spring DispatcherServlet 'dispatcherServlet' 
11:56:25.718 [main] INFO  c.e.talkroom.TalkroomApplication - Starting TalkroomApplication on ROXI with PID 17000 (D:\SmartFrame\talkroom\target\classes started by Roxi酱 in D:\SmartFrame\talkroom) 
11:56:25.722 [main] INFO  c.e.talkroom.TalkroomApplication - No active profile set, falling back to default profiles: default 
11:56:26.301 [main] INFO  o.s.d.r.c.RepositoryConfigurationDelegate - Multiple Spring Data modules found, entering strict repository configuration mode! 
11:56:26.303 [main] INFO  o.s.d.r.c.RepositoryConfigurationDelegate - Bootstrapping Spring Data repositories in DEFAULT mode. 
11:56:26.326 [main] INFO  o.s.d.r.c.RepositoryConfigurationDelegate - Finished Spring Data repository scanning in 14ms. Found 0 repository interfaces. 
11:56:26.562 [main] INFO  o.s.c.s.PostProcessorRegistrationDelegate$BeanPostProcessorChecker - Bean 'org.springframework.transaction.annotation.ProxyTransactionManagementConfiguration' of type [org.springframework.transaction.annotation.ProxyTransactionManagementConfiguration$$EnhancerBySpringCGLIB$$d5daf75f] is not eligible for getting processed by all BeanPostProcessors (for example: not eligible for auto-proxying) 
11:56:26.739 [main] INFO  o.s.b.w.e.tomcat.TomcatWebServer - Tomcat initialized with port(s): 8080 (http) 
11:56:26.754 [main] INFO  o.a.catalina.core.StandardService - Starting service [Tomcat] 
11:56:26.755 [main] INFO  o.a.catalina.core.StandardEngine - Starting Servlet engine: [Apache Tomcat/9.0.19] 
11:56:26.760 [main] INFO  o.a.c.core.AprLifecycleListener - An older version [1.2.18] of the APR based Apache Tomcat Native library is installed, while Tomcat recommends a minimum version of [1.2.21] 
11:56:26.760 [main] INFO  o.a.c.core.AprLifecycleListener - Loaded APR based Apache Tomcat Native library [1.2.18] using APR version [1.6.5]. 
11:56:26.760 [main] INFO  o.a.c.core.AprLifecycleListener - APR capabilities: IPv6 [true], sendfile [true], accept filters [false], random [true]. 
11:56:26.760 [main] INFO  o.a.c.core.AprLifecycleListener - APR/OpenSSL configuration: useAprConnector [false], useOpenSSL [true] 
11:56:26.763 [main] INFO  o.a.c.core.AprLifecycleListener - OpenSSL successfully initialized [OpenSSL 1.1.1  11 Sep 2018] 
11:56:26.873 [main] INFO  o.a.c.c.C.[Tomcat].[localhost].[/] - Initializing Spring embedded WebApplicationContext 
11:56:27.212 [main] INFO  o.s.s.c.ThreadPoolTaskExecutor - Initializing ExecutorService 'applicationTaskExecutor' 
11:56:27.549 [main] INFO  o.s.b.w.e.tomcat.TomcatWebServer - Tomcat started on port(s): 8080 (http) with context path '' 
11:56:27.551 [main] INFO  c.e.talkroom.TalkroomApplication - Started TalkroomApplication in 2.17 seconds (JVM running for 2.976) 
11:56:33.567 [http-nio-8080-exec-1] INFO  o.a.c.c.C.[Tomcat].[localhost].[/] - Initializing Spring DispatcherServlet 'dispatcherServlet' 
11:58:15.584 [main] INFO  c.e.talkroom.TalkroomApplication - Starting TalkroomApplication on ROXI with PID 18408 (D:\SmartFrame\talkroom\target\classes started by Roxi酱 in D:\SmartFrame\talkroom) 
11:58:15.587 [main] INFO  c.e.talkroom.TalkroomApplication - No active profile set, falling back to default profiles: default 
11:58:16.135 [main] INFO  o.s.d.r.c.RepositoryConfigurationDelegate - Multiple Spring Data modules found, entering strict repository configuration mode! 
11:58:16.137 [main] INFO  o.s.d.r.c.RepositoryConfigurationDelegate - Bootstrapping Spring Data repositories in DEFAULT mode. 
11:58:16.159 [main] INFO  o.s.d.r.c.RepositoryConfigurationDelegate - Finished Spring Data repository scanning in 12ms. Found 0 repository interfaces. 
11:58:16.367 [main] INFO  o.s.c.s.PostProcessorRegistrationDelegate$BeanPostProcessorChecker - Bean 'org.springframework.transaction.annotation.ProxyTransactionManagementConfiguration' of type [org.springframework.transaction.annotation.ProxyTransactionManagementConfiguration$$EnhancerBySpringCGLIB$$d45f42ac] is not eligible for getting processed by all BeanPostProcessors (for example: not eligible for auto-proxying) 
11:58:16.542 [main] INFO  o.s.b.w.e.tomcat.TomcatWebServer - Tomcat initialized with port(s): 8080 (http) 
11:58:16.557 [main] INFO  o.a.catalina.core.StandardService - Starting service [Tomcat] 
11:58:16.557 [main] INFO  o.a.catalina.core.StandardEngine - Starting Servlet engine: [Apache Tomcat/9.0.19] 
11:58:16.562 [main] INFO  o.a.c.core.AprLifecycleListener - An older version [1.2.18] of the APR based Apache Tomcat Native library is installed, while Tomcat recommends a minimum version of [1.2.21] 
11:58:16.562 [main] INFO  o.a.c.core.AprLifecycleListener - Loaded APR based Apache Tomcat Native library [1.2.18] using APR version [1.6.5]. 
11:58:16.562 [main] INFO  o.a.c.core.AprLifecycleListener - APR capabilities: IPv6 [true], sendfile [true], accept filters [false], random [true]. 
11:58:16.563 [main] INFO  o.a.c.core.AprLifecycleListener - APR/OpenSSL configuration: useAprConnector [false], useOpenSSL [true] 
11:58:16.565 [main] INFO  o.a.c.core.AprLifecycleListener - OpenSSL successfully initialized [OpenSSL 1.1.1  11 Sep 2018] 
11:58:16.666 [main] INFO  o.a.c.c.C.[Tomcat].[localhost].[/] - Initializing Spring embedded WebApplicationContext 
11:58:17.007 [main] INFO  o.s.s.c.ThreadPoolTaskExecutor - Initializing ExecutorService 'applicationTaskExecutor' 
11:58:17.342 [main] INFO  o.s.b.w.e.tomcat.TomcatWebServer - Tomcat started on port(s): 8080 (http) with context path '' 
11:58:17.344 [main] INFO  c.e.talkroom.TalkroomApplication - Started TalkroomApplication in 2.078 seconds (JVM running for 2.86) 
11:58:53.830 [http-nio-8080-exec-1] INFO  o.a.c.c.C.[Tomcat].[localhost].[/] - Initializing Spring DispatcherServlet 'dispatcherServlet' 
12:01:04.235 [main] INFO  c.e.talkroom.TalkroomApplication - Starting TalkroomApplication on ROXI with PID 16180 (D:\SmartFrame\talkroom\target\classes started by Roxi酱 in D:\SmartFrame\talkroom) 
12:01:04.238 [main] INFO  c.e.talkroom.TalkroomApplication - No active profile set, falling back to default profiles: default 
12:01:04.751 [main] INFO  o.s.d.r.c.RepositoryConfigurationDelegate - Multiple Spring Data modules found, entering strict repository configuration mode! 
12:01:04.753 [main] INFO  o.s.d.r.c.RepositoryConfigurationDelegate - Bootstrapping Spring Data repositories in DEFAULT mode. 
12:01:04.777 [main] INFO  o.s.d.r.c.RepositoryConfigurationDelegate - Finished Spring Data repository scanning in 14ms. Found 0 repository interfaces. 
12:01:04.983 [main] INFO  o.s.c.s.PostProcessorRegistrationDelegate$BeanPostProcessorChecker - Bean 'org.springframework.transaction.annotation.ProxyTransactionManagementConfiguration' of type [org.springframework.transaction.annotation.ProxyTransactionManagementConfiguration$$EnhancerBySpringCGLIB$$bd0ee773] is not eligible for getting processed by all BeanPostProcessors (for example: not eligible for auto-proxying) 
12:01:05.154 [main] INFO  o.s.b.w.e.tomcat.TomcatWebServer - Tomcat initialized with port(s): 8080 (http) 
12:01:05.169 [main] INFO  o.a.catalina.core.StandardService - Starting service [Tomcat] 
12:01:05.170 [main] INFO  o.a.catalina.core.StandardEngine - Starting Servlet engine: [Apache Tomcat/9.0.19] 
12:01:05.175 [main] INFO  o.a.c.core.AprLifecycleListener - An older version [1.2.18] of the APR based Apache Tomcat Native library is installed, while Tomcat recommends a minimum version of [1.2.21] 
12:01:05.175 [main] INFO  o.a.c.core.AprLifecycleListener - Loaded APR based Apache Tomcat Native library [1.2.18] using APR version [1.6.5]. 
12:01:05.175 [main] INFO  o.a.c.core.AprLifecycleListener - APR capabilities: IPv6 [true], sendfile [true], accept filters [false], random [true]. 
12:01:05.176 [main] INFO  o.a.c.core.AprLifecycleListener - APR/OpenSSL configuration: useAprConnector [false], useOpenSSL [true] 
12:01:05.179 [main] INFO  o.a.c.core.AprLifecycleListener - OpenSSL successfully initialized [OpenSSL 1.1.1  11 Sep 2018] 
12:01:05.280 [main] INFO  o.a.c.c.C.[Tomcat].[localhost].[/] - Initializing Spring embedded WebApplicationContext 
12:01:05.626 [main] INFO  o.s.s.c.ThreadPoolTaskExecutor - Initializing ExecutorService 'applicationTaskExecutor' 
12:01:05.964 [main] INFO  o.s.b.w.e.tomcat.TomcatWebServer - Tomcat started on port(s): 8080 (http) with context path '' 
12:01:05.966 [main] INFO  c.e.talkroom.TalkroomApplication - Started TalkroomApplication in 2.06 seconds (JVM running for 2.882) 
12:01:11.054 [http-nio-8080-exec-1] INFO  o.a.c.c.C.[Tomcat].[localhost].[/] - Initializing Spring DispatcherServlet 'dispatcherServlet' 
12:01:54.950 [main] INFO  c.e.talkroom.TalkroomApplication - Starting TalkroomApplication on ROXI with PID 17076 (D:\SmartFrame\talkroom\target\classes started by Roxi酱 in D:\SmartFrame\talkroom) 
12:01:54.953 [main] INFO  c.e.talkroom.TalkroomApplication - No active profile set, falling back to default profiles: default 
12:01:55.557 [main] INFO  o.s.d.r.c.RepositoryConfigurationDelegate - Multiple Spring Data modules found, entering strict repository configuration mode! 
12:01:55.558 [main] INFO  o.s.d.r.c.RepositoryConfigurationDelegate - Bootstrapping Spring Data repositories in DEFAULT mode. 
12:01:55.583 [main] INFO  o.s.d.r.c.RepositoryConfigurationDelegate - Finished Spring Data repository scanning in 13ms. Found 0 repository interfaces. 
12:01:55.816 [main] INFO  o.s.c.s.PostProcessorRegistrationDelegate$BeanPostProcessorChecker - Bean 'org.springframework.transaction.annotation.ProxyTransactionManagementConfiguration' of type [org.springframework.transaction.annotation.ProxyTransactionManagementConfiguration$$EnhancerBySpringCGLIB$$128d677d] is not eligible for getting processed by all BeanPostProcessors (for example: not eligible for auto-proxying) 
12:01:55.988 [main] INFO  o.s.b.w.e.tomcat.TomcatWebServer - Tomcat initialized with port(s): 8080 (http) 
12:01:56.003 [main] INFO  o.a.catalina.core.StandardService - Starting service [Tomcat] 
12:01:56.003 [main] INFO  o.a.catalina.core.StandardEngine - Starting Servlet engine: [Apache Tomcat/9.0.19] 
12:01:56.008 [main] INFO  o.a.c.core.AprLifecycleListener - An older version [1.2.18] of the APR based Apache Tomcat Native library is installed, while Tomcat recommends a minimum version of [1.2.21] 
12:01:56.008 [main] INFO  o.a.c.core.AprLifecycleListener - Loaded APR based Apache Tomcat Native library [1.2.18] using APR version [1.6.5]. 
12:01:56.008 [main] INFO  o.a.c.core.AprLifecycleListener - APR capabilities: IPv6 [true], sendfile [true], accept filters [false], random [true]. 
12:01:56.009 [main] INFO  o.a.c.core.AprLifecycleListener - APR/OpenSSL configuration: useAprConnector [false], useOpenSSL [true] 
12:01:56.012 [main] INFO  o.a.c.core.AprLifecycleListener - OpenSSL successfully initialized [OpenSSL 1.1.1  11 Sep 2018] 
12:01:56.135 [main] INFO  o.a.c.c.C.[Tomcat].[localhost].[/] - Initializing Spring embedded WebApplicationContext 
12:01:56.471 [main] INFO  o.s.s.c.ThreadPoolTaskExecutor - Initializing ExecutorService 'applicationTaskExecutor' 
12:01:56.846 [main] INFO  o.s.b.w.e.tomcat.TomcatWebServer - Tomcat started on port(s): 8080 (http) with context path '' 
12:01:56.848 [main] INFO  c.e.talkroom.TalkroomApplication - Started TalkroomApplication in 2.306 seconds (JVM running for 3.181) 
12:01:56.891 [http-nio-8080-exec-1] INFO  o.a.c.c.C.[Tomcat].[localhost].[/] - Initializing Spring DispatcherServlet 'dispatcherServlet' 
12:03:30.204 [main] INFO  c.e.talkroom.TalkroomApplication - Starting TalkroomApplication on ROXI with PID 17332 (D:\SmartFrame\talkroom\target\classes started by Roxi酱 in D:\SmartFrame\talkroom) 
12:03:30.207 [main] INFO  c.e.talkroom.TalkroomApplication - No active profile set, falling back to default profiles: default 
12:03:30.777 [main] INFO  o.s.d.r.c.RepositoryConfigurationDelegate - Multiple Spring Data modules found, entering strict repository configuration mode! 
12:03:30.779 [main] INFO  o.s.d.r.c.RepositoryConfigurationDelegate - Bootstrapping Spring Data repositories in DEFAULT mode. 
12:03:30.801 [main] INFO  o.s.d.r.c.RepositoryConfigurationDelegate - Finished Spring Data repository scanning in 13ms. Found 0 repository interfaces. 
12:03:31.018 [main] INFO  o.s.c.s.PostProcessorRegistrationDelegate$BeanPostProcessorChecker - Bean 'org.springframework.transaction.annotation.ProxyTransactionManagementConfiguration' of type [org.springframework.transaction.annotation.ProxyTransactionManagementConfiguration$$EnhancerBySpringCGLIB$$6626269f] is not eligible for getting processed by all BeanPostProcessors (for example: not eligible for auto-proxying) 
12:03:31.197 [main] INFO  o.s.b.w.e.tomcat.TomcatWebServer - Tomcat initialized with port(s): 8080 (http) 
12:03:31.212 [main] INFO  o.a.catalina.core.StandardService - Starting service [Tomcat] 
12:03:31.212 [main] INFO  o.a.catalina.core.StandardEngine - Starting Servlet engine: [Apache Tomcat/9.0.19] 
12:03:31.217 [main] INFO  o.a.c.core.AprLifecycleListener - An older version [1.2.18] of the APR based Apache Tomcat Native library is installed, while Tomcat recommends a minimum version of [1.2.21] 
12:03:31.217 [main] INFO  o.a.c.core.AprLifecycleListener - Loaded APR based Apache Tomcat Native library [1.2.18] using APR version [1.6.5]. 
12:03:31.217 [main] INFO  o.a.c.core.AprLifecycleListener - APR capabilities: IPv6 [true], sendfile [true], accept filters [false], random [true]. 
12:03:31.218 [main] INFO  o.a.c.core.AprLifecycleListener - APR/OpenSSL configuration: useAprConnector [false], useOpenSSL [true] 
12:03:31.221 [main] INFO  o.a.c.core.AprLifecycleListener - OpenSSL successfully initialized [OpenSSL 1.1.1  11 Sep 2018] 
12:03:31.322 [main] INFO  o.a.c.c.C.[Tomcat].[localhost].[/] - Initializing Spring embedded WebApplicationContext 
12:03:31.664 [main] INFO  o.s.s.c.ThreadPoolTaskExecutor - Initializing ExecutorService 'applicationTaskExecutor' 
12:03:32.002 [main] INFO  o.s.b.w.e.tomcat.TomcatWebServer - Tomcat started on port(s): 8080 (http) with context path '' 
12:03:32.004 [main] INFO  c.e.talkroom.TalkroomApplication - Started TalkroomApplication in 2.224 seconds (JVM running for 3.062) 
12:03:37.640 [http-nio-8080-exec-1] INFO  o.a.c.c.C.[Tomcat].[localhost].[/] - Initializing Spring DispatcherServlet 'dispatcherServlet' 
12:05:00.251 [main] INFO  c.e.talkroom.TalkroomApplication - Starting TalkroomApplication on ROXI with PID 15472 (D:\SmartFrame\talkroom\target\classes started by Roxi酱 in D:\SmartFrame\talkroom) 
12:05:00.255 [main] INFO  c.e.talkroom.TalkroomApplication - No active profile set, falling back to default profiles: default 
12:05:00.788 [main] INFO  o.s.d.r.c.RepositoryConfigurationDelegate - Multiple Spring Data modules found, entering strict repository configuration mode! 
12:05:00.789 [main] INFO  o.s.d.r.c.RepositoryConfigurationDelegate - Bootstrapping Spring Data repositories in DEFAULT mode. 
12:05:00.811 [main] INFO  o.s.d.r.c.RepositoryConfigurationDelegate - Finished Spring Data repository scanning in 13ms. Found 0 repository interfaces. 
12:05:01.026 [main] INFO  o.s.c.s.PostProcessorRegistrationDelegate$BeanPostProcessorChecker - Bean 'org.springframework.transaction.annotation.ProxyTransactionManagementConfiguration' of type [org.springframework.transaction.annotation.ProxyTransactionManagementConfiguration$$EnhancerBySpringCGLIB$$eb853865] is not eligible for getting processed by all BeanPostProcessors (for example: not eligible for auto-proxying) 
12:05:01.200 [main] INFO  o.s.b.w.e.tomcat.TomcatWebServer - Tomcat initialized with port(s): 8080 (http) 
12:05:01.215 [main] INFO  o.a.catalina.core.StandardService - Starting service [Tomcat] 
12:05:01.216 [main] INFO  o.a.catalina.core.StandardEngine - Starting Servlet engine: [Apache Tomcat/9.0.19] 
12:05:01.221 [main] INFO  o.a.c.core.AprLifecycleListener - An older version [1.2.18] of the APR based Apache Tomcat Native library is installed, while Tomcat recommends a minimum version of [1.2.21] 
12:05:01.221 [main] INFO  o.a.c.core.AprLifecycleListener - Loaded APR based Apache Tomcat Native library [1.2.18] using APR version [1.6.5]. 
12:05:01.221 [main] INFO  o.a.c.core.AprLifecycleListener - APR capabilities: IPv6 [true], sendfile [true], accept filters [false], random [true]. 
12:05:01.221 [main] INFO  o.a.c.core.AprLifecycleListener - APR/OpenSSL configuration: useAprConnector [false], useOpenSSL [true] 
12:05:01.224 [main] INFO  o.a.c.core.AprLifecycleListener - OpenSSL successfully initialized [OpenSSL 1.1.1  11 Sep 2018] 
12:05:01.324 [main] INFO  o.a.c.c.C.[Tomcat].[localhost].[/] - Initializing Spring embedded WebApplicationContext 
12:05:01.668 [main] INFO  o.s.s.c.ThreadPoolTaskExecutor - Initializing ExecutorService 'applicationTaskExecutor' 
12:05:02.010 [main] INFO  o.s.b.w.e.tomcat.TomcatWebServer - Tomcat started on port(s): 8080 (http) with context path '' 
12:05:02.013 [main] INFO  c.e.talkroom.TalkroomApplication - Started TalkroomApplication in 2.077 seconds (JVM running for 2.875) 
12:05:06.706 [http-nio-8080-exec-1] INFO  o.a.c.c.C.[Tomcat].[localhost].[/] - Initializing Spring DispatcherServlet 'dispatcherServlet' 
12:05:29.446 [main] INFO  c.e.talkroom.TalkroomApplication - Starting TalkroomApplication on ROXI with PID 3580 (D:\SmartFrame\talkroom\target\classes started by Roxi酱 in D:\SmartFrame\talkroom) 
12:05:29.450 [main] INFO  c.e.talkroom.TalkroomApplication - No active profile set, falling back to default profiles: default 
12:05:29.982 [main] INFO  o.s.d.r.c.RepositoryConfigurationDelegate - Multiple Spring Data modules found, entering strict repository configuration mode! 
12:05:29.984 [main] INFO  o.s.d.r.c.RepositoryConfigurationDelegate - Bootstrapping Spring Data repositories in DEFAULT mode. 
12:05:30.009 [main] INFO  o.s.d.r.c.RepositoryConfigurationDelegate - Finished Spring Data repository scanning in 15ms. Found 0 repository interfaces. 
12:05:30.237 [main] INFO  o.s.c.s.PostProcessorRegistrationDelegate$BeanPostProcessorChecker - Bean 'org.springframework.transaction.annotation.ProxyTransactionManagementConfiguration' of type [org.springframework.transaction.annotation.ProxyTransactionManagementConfiguration$$EnhancerBySpringCGLIB$$c578dad4] is not eligible for getting processed by all BeanPostProcessors (for example: not eligible for auto-proxying) 
12:05:30.410 [main] INFO  o.s.b.w.e.tomcat.TomcatWebServer - Tomcat initialized with port(s): 8080 (http) 
12:05:30.425 [main] INFO  o.a.catalina.core.StandardService - Starting service [Tomcat] 
12:05:30.425 [main] INFO  o.a.catalina.core.StandardEngine - Starting Servlet engine: [Apache Tomcat/9.0.19] 
12:05:30.430 [main] INFO  o.a.c.core.AprLifecycleListener - An older version [1.2.18] of the APR based Apache Tomcat Native library is installed, while Tomcat recommends a minimum version of [1.2.21] 
12:05:30.430 [main] INFO  o.a.c.core.AprLifecycleListener - Loaded APR based Apache Tomcat Native library [1.2.18] using APR version [1.6.5]. 
12:05:30.430 [main] INFO  o.a.c.core.AprLifecycleListener - APR capabilities: IPv6 [true], sendfile [true], accept filters [false], random [true]. 
12:05:30.431 [main] INFO  o.a.c.core.AprLifecycleListener - APR/OpenSSL configuration: useAprConnector [false], useOpenSSL [true] 
12:05:30.434 [main] INFO  o.a.c.core.AprLifecycleListener - OpenSSL successfully initialized [OpenSSL 1.1.1  11 Sep 2018] 
12:05:30.532 [main] INFO  o.a.c.c.C.[Tomcat].[localhost].[/] - Initializing Spring embedded WebApplicationContext 
12:05:30.880 [main] INFO  o.s.s.c.ThreadPoolTaskExecutor - Initializing ExecutorService 'applicationTaskExecutor' 
12:05:31.211 [main] INFO  o.s.b.w.e.tomcat.TomcatWebServer - Tomcat started on port(s): 8080 (http) with context path '' 
12:05:31.213 [main] INFO  c.e.talkroom.TalkroomApplication - Started TalkroomApplication in 2.096 seconds (JVM running for 2.893) 
12:05:36.938 [http-nio-8080-exec-1] INFO  o.a.c.c.C.[Tomcat].[localhost].[/] - Initializing Spring DispatcherServlet 'dispatcherServlet' 
12:06:26.462 [main] INFO  c.e.talkroom.TalkroomApplication - Starting TalkroomApplication on ROXI with PID 1540 (D:\SmartFrame\talkroom\target\classes started by Roxi酱 in D:\SmartFrame\talkroom) 
12:06:26.465 [main] INFO  c.e.talkroom.TalkroomApplication - No active profile set, falling back to default profiles: default 
12:06:27.008 [main] INFO  o.s.d.r.c.RepositoryConfigurationDelegate - Multiple Spring Data modules found, entering strict repository configuration mode! 
12:06:27.009 [main] INFO  o.s.d.r.c.RepositoryConfigurationDelegate - Bootstrapping Spring Data repositories in DEFAULT mode. 
12:06:27.031 [main] INFO  o.s.d.r.c.RepositoryConfigurationDelegate - Finished Spring Data repository scanning in 13ms. Found 0 repository interfaces. 
12:06:27.250 [main] INFO  o.s.c.s.PostProcessorRegistrationDelegate$BeanPostProcessorChecker - Bean 'org.springframework.transaction.annotation.ProxyTransactionManagementConfiguration' of type [org.springframework.transaction.annotation.ProxyTransactionManagementConfiguration$$EnhancerBySpringCGLIB$$56f34ab] is not eligible for getting processed by all BeanPostProcessors (for example: not eligible for auto-proxying) 
12:06:27.418 [main] INFO  o.s.b.w.e.tomcat.TomcatWebServer - Tomcat initialized with port(s): 8080 (http) 
12:06:27.433 [main] INFO  o.a.catalina.core.StandardService - Starting service [Tomcat] 
12:06:27.434 [main] INFO  o.a.catalina.core.StandardEngine - Starting Servlet engine: [Apache Tomcat/9.0.19] 
12:06:27.439 [main] INFO  o.a.c.core.AprLifecycleListener - An older version [1.2.18] of the APR based Apache Tomcat Native library is installed, while Tomcat recommends a minimum version of [1.2.21] 
12:06:27.439 [main] INFO  o.a.c.core.AprLifecycleListener - Loaded APR based Apache Tomcat Native library [1.2.18] using APR version [1.6.5]. 
12:06:27.439 [main] INFO  o.a.c.core.AprLifecycleListener - APR capabilities: IPv6 [true], sendfile [true], accept filters [false], random [true]. 
12:06:27.439 [main] INFO  o.a.c.core.AprLifecycleListener - APR/OpenSSL configuration: useAprConnector [false], useOpenSSL [true] 
12:06:27.441 [main] INFO  o.a.c.core.AprLifecycleListener - OpenSSL successfully initialized [OpenSSL 1.1.1  11 Sep 2018] 
12:06:27.540 [main] INFO  o.a.c.c.C.[Tomcat].[localhost].[/] - Initializing Spring embedded WebApplicationContext 
12:06:27.879 [main] INFO  o.s.s.c.ThreadPoolTaskExecutor - Initializing ExecutorService 'applicationTaskExecutor' 
12:06:28.212 [main] INFO  o.s.b.w.e.tomcat.TomcatWebServer - Tomcat started on port(s): 8080 (http) with context path '' 
12:06:28.214 [main] INFO  c.e.talkroom.TalkroomApplication - Started TalkroomApplication in 2.067 seconds (JVM running for 2.904) 
12:06:36.114 [http-nio-8080-exec-1] INFO  o.a.c.c.C.[Tomcat].[localhost].[/] - Initializing Spring DispatcherServlet 'dispatcherServlet' 
12:07:02.648 [main] INFO  c.e.talkroom.TalkroomApplication - Starting TalkroomApplication on ROXI with PID 2140 (D:\SmartFrame\talkroom\target\classes started by Roxi酱 in D:\SmartFrame\talkroom) 
12:07:02.651 [main] INFO  c.e.talkroom.TalkroomApplication - No active profile set, falling back to default profiles: default 
12:07:03.265 [main] INFO  o.s.d.r.c.RepositoryConfigurationDelegate - Multiple Spring Data modules found, entering strict repository configuration mode! 
12:07:03.267 [main] INFO  o.s.d.r.c.RepositoryConfigurationDelegate - Bootstrapping Spring Data repositories in DEFAULT mode. 
12:07:03.293 [main] INFO  o.s.d.r.c.RepositoryConfigurationDelegate - Finished Spring Data repository scanning in 15ms. Found 0 repository interfaces. 
12:07:03.535 [main] INFO  o.s.c.s.PostProcessorRegistrationDelegate$BeanPostProcessorChecker - Bean 'org.springframework.transaction.annotation.ProxyTransactionManagementConfiguration' of type [org.springframework.transaction.annotation.ProxyTransactionManagementConfiguration$$EnhancerBySpringCGLIB$$51903528] is not eligible for getting processed by all BeanPostProcessors (for example: not eligible for auto-proxying) 
12:07:03.705 [main] INFO  o.s.b.w.e.tomcat.TomcatWebServer - Tomcat initialized with port(s): 8080 (http) 
12:07:03.720 [main] INFO  o.a.catalina.core.StandardService - Starting service [Tomcat] 
12:07:03.721 [main] INFO  o.a.catalina.core.StandardEngine - Starting Servlet engine: [Apache Tomcat/9.0.19] 
12:07:03.725 [main] INFO  o.a.c.core.AprLifecycleListener - An older version [1.2.18] of the APR based Apache Tomcat Native library is installed, while Tomcat recommends a minimum version of [1.2.21] 
12:07:03.726 [main] INFO  o.a.c.core.AprLifecycleListener - Loaded APR based Apache Tomcat Native library [1.2.18] using APR version [1.6.5]. 
12:07:03.726 [main] INFO  o.a.c.core.AprLifecycleListener - APR capabilities: IPv6 [true], sendfile [true], accept filters [false], random [true]. 
12:07:03.726 [main] INFO  o.a.c.core.AprLifecycleListener - APR/OpenSSL configuration: useAprConnector [false], useOpenSSL [true] 
12:07:03.729 [main] INFO  o.a.c.core.AprLifecycleListener - OpenSSL successfully initialized [OpenSSL 1.1.1  11 Sep 2018] 
12:07:03.827 [main] INFO  o.a.c.c.C.[Tomcat].[localhost].[/] - Initializing Spring embedded WebApplicationContext 
12:07:04.169 [main] INFO  o.s.s.c.ThreadPoolTaskExecutor - Initializing ExecutorService 'applicationTaskExecutor' 
12:07:04.501 [main] INFO  o.s.b.w.e.tomcat.TomcatWebServer - Tomcat started on port(s): 8080 (http) with context path '' 
12:07:04.503 [main] INFO  c.e.talkroom.TalkroomApplication - Started TalkroomApplication in 2.272 seconds (JVM running for 3.545) 
12:10:02.641 [http-nio-8080-exec-1] INFO  o.a.c.c.C.[Tomcat].[localhost].[/] - Initializing Spring DispatcherServlet 'dispatcherServlet' 
12:12:53.133 [main] INFO  c.e.talkroom.TalkroomApplication - Starting TalkroomApplication on ROXI with PID 13084 (D:\SmartFrame\talkroom\target\classes started by Roxi酱 in D:\SmartFrame\talkroom) 
12:12:53.136 [main] INFO  c.e.talkroom.TalkroomApplication - No active profile set, falling back to default profiles: default 
12:12:53.686 [main] INFO  o.s.d.r.c.RepositoryConfigurationDelegate - Multiple Spring Data modules found, entering strict repository configuration mode! 
12:12:53.688 [main] INFO  o.s.d.r.c.RepositoryConfigurationDelegate - Bootstrapping Spring Data repositories in DEFAULT mode. 
12:12:53.709 [main] INFO  o.s.d.r.c.RepositoryConfigurationDelegate - Finished Spring Data repository scanning in 12ms. Found 0 repository interfaces. 
12:12:53.926 [main] INFO  o.s.c.s.PostProcessorRegistrationDelegate$BeanPostProcessorChecker - Bean 'org.springframework.transaction.annotation.ProxyTransactionManagementConfiguration' of type [org.springframework.transaction.annotation.ProxyTransactionManagementConfiguration$$EnhancerBySpringCGLIB$$539bc211] is not eligible for getting processed by all BeanPostProcessors (for example: not eligible for auto-proxying) 
12:12:54.100 [main] INFO  o.s.b.w.e.tomcat.TomcatWebServer - Tomcat initialized with port(s): 8080 (http) 
12:12:54.115 [main] INFO  o.a.catalina.core.StandardService - Starting service [Tomcat] 
12:12:54.116 [main] INFO  o.a.catalina.core.StandardEngine - Starting Servlet engine: [Apache Tomcat/9.0.19] 
12:12:54.120 [main] INFO  o.a.c.core.AprLifecycleListener - An older version [1.2.18] of the APR based Apache Tomcat Native library is installed, while Tomcat recommends a minimum version of [1.2.21] 
12:12:54.121 [main] INFO  o.a.c.core.AprLifecycleListener - Loaded APR based Apache Tomcat Native library [1.2.18] using APR version [1.6.5]. 
12:12:54.121 [main] INFO  o.a.c.core.AprLifecycleListener - APR capabilities: IPv6 [true], sendfile [true], accept filters [false], random [true]. 
12:12:54.121 [main] INFO  o.a.c.core.AprLifecycleListener - APR/OpenSSL configuration: useAprConnector [false], useOpenSSL [true] 
12:12:54.124 [main] INFO  o.a.c.core.AprLifecycleListener - OpenSSL successfully initialized [OpenSSL 1.1.1  11 Sep 2018] 
12:12:54.233 [main] INFO  o.a.c.c.C.[Tomcat].[localhost].[/] - Initializing Spring embedded WebApplicationContext 
12:12:54.608 [main] INFO  o.s.s.c.ThreadPoolTaskExecutor - Initializing ExecutorService 'applicationTaskExecutor' 
12:12:54.970 [main] INFO  o.s.b.w.e.tomcat.TomcatWebServer - Tomcat started on port(s): 8080 (http) with context path '' 
12:12:54.972 [main] INFO  c.e.talkroom.TalkroomApplication - Started TalkroomApplication in 2.165 seconds (JVM running for 3.04) 
12:13:02.637 [http-nio-8080-exec-1] INFO  o.a.c.c.C.[Tomcat].[localhost].[/] - Initializing Spring DispatcherServlet 'dispatcherServlet' 
12:13:44.671 [main] INFO  c.e.talkroom.TalkroomApplication - Starting TalkroomApplication on ROXI with PID 13176 (D:\SmartFrame\talkroom\target\classes started by Roxi酱 in D:\SmartFrame\talkroom) 
12:13:44.674 [main] INFO  c.e.talkroom.TalkroomApplication - No active profile set, falling back to default profiles: default 
12:13:45.206 [main] INFO  o.s.d.r.c.RepositoryConfigurationDelegate - Multiple Spring Data modules found, entering strict repository configuration mode! 
12:13:45.208 [main] INFO  o.s.d.r.c.RepositoryConfigurationDelegate - Bootstrapping Spring Data repositories in DEFAULT mode. 
12:13:45.229 [main] INFO  o.s.d.r.c.RepositoryConfigurationDelegate - Finished Spring Data repository scanning in 12ms. Found 0 repository interfaces. 
12:13:45.444 [main] INFO  o.s.c.s.PostProcessorRegistrationDelegate$BeanPostProcessorChecker - Bean 'org.springframework.transaction.annotation.ProxyTransactionManagementConfiguration' of type [org.springframework.transaction.annotation.ProxyTransactionManagementConfiguration$$EnhancerBySpringCGLIB$$83f55096] is not eligible for getting processed by all BeanPostProcessors (for example: not eligible for auto-proxying) 
12:13:45.618 [main] INFO  o.s.b.w.e.tomcat.TomcatWebServer - Tomcat initialized with port(s): 8080 (http) 
12:13:45.633 [main] INFO  o.a.catalina.core.StandardService - Starting service [Tomcat] 
12:13:45.633 [main] INFO  o.a.catalina.core.StandardEngine - Starting Servlet engine: [Apache Tomcat/9.0.19] 
12:13:45.638 [main] INFO  o.a.c.core.AprLifecycleListener - An older version [1.2.18] of the APR based Apache Tomcat Native library is installed, while Tomcat recommends a minimum version of [1.2.21] 
12:13:45.638 [main] INFO  o.a.c.core.AprLifecycleListener - Loaded APR based Apache Tomcat Native library [1.2.18] using APR version [1.6.5]. 
12:13:45.638 [main] INFO  o.a.c.core.AprLifecycleListener - APR capabilities: IPv6 [true], sendfile [true], accept filters [false], random [true]. 
12:13:45.639 [main] INFO  o.a.c.core.AprLifecycleListener - APR/OpenSSL configuration: useAprConnector [false], useOpenSSL [true] 
12:13:45.642 [main] INFO  o.a.c.core.AprLifecycleListener - OpenSSL successfully initialized [OpenSSL 1.1.1  11 Sep 2018] 
12:13:45.752 [main] INFO  o.a.c.c.C.[Tomcat].[localhost].[/] - Initializing Spring embedded WebApplicationContext 
12:13:46.086 [main] INFO  o.s.s.c.ThreadPoolTaskExecutor - Initializing ExecutorService 'applicationTaskExecutor' 
12:13:46.425 [main] INFO  o.s.b.w.e.tomcat.TomcatWebServer - Tomcat started on port(s): 8080 (http) with context path '' 
12:13:46.427 [main] INFO  c.e.talkroom.TalkroomApplication - Started TalkroomApplication in 2.084 seconds (JVM running for 2.9) 
12:13:50.677 [http-nio-8080-exec-1] INFO  o.a.c.c.C.[Tomcat].[localhost].[/] - Initializing Spring DispatcherServlet 'dispatcherServlet' 
12:14:21.625 [main] INFO  c.e.talkroom.TalkroomApplication - Starting TalkroomApplication on ROXI with PID 6356 (D:\SmartFrame\talkroom\target\classes started by Roxi酱 in D:\SmartFrame\talkroom) 
12:14:21.627 [main] INFO  c.e.talkroom.TalkroomApplication - No active profile set, falling back to default profiles: default 
12:14:22.176 [main] INFO  o.s.d.r.c.RepositoryConfigurationDelegate - Multiple Spring Data modules found, entering strict repository configuration mode! 
12:14:22.178 [main] INFO  o.s.d.r.c.RepositoryConfigurationDelegate - Bootstrapping Spring Data repositories in DEFAULT mode. 
12:14:22.201 [main] INFO  o.s.d.r.c.RepositoryConfigurationDelegate - Finished Spring Data repository scanning in 13ms. Found 0 repository interfaces. 
12:14:22.419 [main] INFO  o.s.c.s.PostProcessorRegistrationDelegate$BeanPostProcessorChecker - Bean 'org.springframework.transaction.annotation.ProxyTransactionManagementConfiguration' of type [org.springframework.transaction.annotation.ProxyTransactionManagementConfiguration$$EnhancerBySpringCGLIB$$cae1f1d8] is not eligible for getting processed by all BeanPostProcessors (for example: not eligible for auto-proxying) 
12:14:22.590 [main] INFO  o.s.b.w.e.tomcat.TomcatWebServer - Tomcat initialized with port(s): 8080 (http) 
12:14:22.605 [main] INFO  o.a.catalina.core.StandardService - Starting service [Tomcat] 
12:14:22.606 [main] INFO  o.a.catalina.core.StandardEngine - Starting Servlet engine: [Apache Tomcat/9.0.19] 
12:14:22.611 [main] INFO  o.a.c.core.AprLifecycleListener - An older version [1.2.18] of the APR based Apache Tomcat Native library is installed, while Tomcat recommends a minimum version of [1.2.21] 
12:14:22.611 [main] INFO  o.a.c.core.AprLifecycleListener - Loaded APR based Apache Tomcat Native library [1.2.18] using APR version [1.6.5]. 
12:14:22.611 [main] INFO  o.a.c.core.AprLifecycleListener - APR capabilities: IPv6 [true], sendfile [true], accept filters [false], random [true]. 
12:14:22.611 [main] INFO  o.a.c.core.AprLifecycleListener - APR/OpenSSL configuration: useAprConnector [false], useOpenSSL [true] 
12:14:22.614 [main] INFO  o.a.c.core.AprLifecycleListener - OpenSSL successfully initialized [OpenSSL 1.1.1  11 Sep 2018] 
12:14:22.714 [main] INFO  o.a.c.c.C.[Tomcat].[localhost].[/] - Initializing Spring embedded WebApplicationContext 
12:14:23.062 [main] INFO  o.s.s.c.ThreadPoolTaskExecutor - Initializing ExecutorService 'applicationTaskExecutor' 
12:14:23.405 [main] INFO  o.s.b.w.e.tomcat.TomcatWebServer - Tomcat started on port(s): 8080 (http) with context path '' 
12:14:23.407 [main] INFO  c.e.talkroom.TalkroomApplication - Started TalkroomApplication in 2.103 seconds (JVM running for 2.931) 
12:14:32.037 [http-nio-8080-exec-1] INFO  o.a.c.c.C.[Tomcat].[localhost].[/] - Initializing Spring DispatcherServlet 'dispatcherServlet' 
12:15:34.743 [main] INFO  c.e.talkroom.TalkroomApplication - Starting TalkroomApplication on ROXI with PID 1952 (D:\SmartFrame\talkroom\target\classes started by Roxi酱 in D:\SmartFrame\talkroom) 
12:15:34.746 [main] INFO  c.e.talkroom.TalkroomApplication - No active profile set, falling back to default profiles: default 
12:15:35.321 [main] INFO  o.s.d.r.c.RepositoryConfigurationDelegate - Multiple Spring Data modules found, entering strict repository configuration mode! 
12:15:35.323 [main] INFO  o.s.d.r.c.RepositoryConfigurationDelegate - Bootstrapping Spring Data repositories in DEFAULT mode. 
12:15:35.345 [main] INFO  o.s.d.r.c.RepositoryConfigurationDelegate - Finished Spring Data repository scanning in 13ms. Found 0 repository interfaces. 
12:15:35.560 [main] INFO  o.s.c.s.PostProcessorRegistrationDelegate$BeanPostProcessorChecker - Bean 'org.springframework.transaction.annotation.ProxyTransactionManagementConfiguration' of type [org.springframework.transaction.annotation.ProxyTransactionManagementConfiguration$$EnhancerBySpringCGLIB$$81c0fb82] is not eligible for getting processed by all BeanPostProcessors (for example: not eligible for auto-proxying) 
12:15:35.734 [main] INFO  o.s.b.w.e.tomcat.TomcatWebServer - Tomcat initialized with port(s): 8080 (http) 
12:15:35.750 [main] INFO  o.a.catalina.core.StandardService - Starting service [Tomcat] 
12:15:35.750 [main] INFO  o.a.catalina.core.StandardEngine - Starting Servlet engine: [Apache Tomcat/9.0.19] 
12:15:35.755 [main] INFO  o.a.c.core.AprLifecycleListener - An older version [1.2.18] of the APR based Apache Tomcat Native library is installed, while Tomcat recommends a minimum version of [1.2.21] 
12:15:35.755 [main] INFO  o.a.c.core.AprLifecycleListener - Loaded APR based Apache Tomcat Native library [1.2.18] using APR version [1.6.5]. 
12:15:35.755 [main] INFO  o.a.c.core.AprLifecycleListener - APR capabilities: IPv6 [true], sendfile [true], accept filters [false], random [true]. 
12:15:35.756 [main] INFO  o.a.c.core.AprLifecycleListener - APR/OpenSSL configuration: useAprConnector [false], useOpenSSL [true] 
12:15:35.759 [main] INFO  o.a.c.core.AprLifecycleListener - OpenSSL successfully initialized [OpenSSL 1.1.1  11 Sep 2018] 
12:15:35.861 [main] INFO  o.a.c.c.C.[Tomcat].[localhost].[/] - Initializing Spring embedded WebApplicationContext 
12:15:36.202 [main] INFO  o.s.s.c.ThreadPoolTaskExecutor - Initializing ExecutorService 'applicationTaskExecutor' 
12:15:36.584 [main] INFO  o.s.b.w.e.tomcat.TomcatWebServer - Tomcat started on port(s): 8080 (http) with context path '' 
12:15:36.586 [main] INFO  c.e.talkroom.TalkroomApplication - Started TalkroomApplication in 2.165 seconds (JVM running for 2.977) 
12:15:44.307 [http-nio-8080-exec-1] INFO  o.a.c.c.C.[Tomcat].[localhost].[/] - Initializing Spring DispatcherServlet 'dispatcherServlet' 
12:17:49.614 [main] INFO  c.e.talkroom.TalkroomApplication - Starting TalkroomApplication on ROXI with PID 14784 (D:\SmartFrame\talkroom\target\classes started by Roxi酱 in D:\SmartFrame\talkroom) 
12:17:49.617 [main] INFO  c.e.talkroom.TalkroomApplication - No active profile set, falling back to default profiles: default 
12:17:50.258 [main] INFO  o.s.d.r.c.RepositoryConfigurationDelegate - Multiple Spring Data modules found, entering strict repository configuration mode! 
12:17:50.260 [main] INFO  o.s.d.r.c.RepositoryConfigurationDelegate - Bootstrapping Spring Data repositories in DEFAULT mode. 
12:17:50.282 [main] INFO  o.s.d.r.c.RepositoryConfigurationDelegate - Finished Spring Data repository scanning in 12ms. Found 0 repository interfaces. 
12:17:50.502 [main] INFO  o.s.c.s.PostProcessorRegistrationDelegate$BeanPostProcessorChecker - Bean 'org.springframework.transaction.annotation.ProxyTransactionManagementConfiguration' of type [org.springframework.transaction.annotation.ProxyTransactionManagementConfiguration$$EnhancerBySpringCGLIB$$e8f160e1] is not eligible for getting processed by all BeanPostProcessors (for example: not eligible for auto-proxying) 
12:17:50.679 [main] INFO  o.s.b.w.e.tomcat.TomcatWebServer - Tomcat initialized with port(s): 8080 (http) 
12:17:50.694 [main] INFO  o.a.catalina.core.StandardService - Starting service [Tomcat] 
12:17:50.695 [main] INFO  o.a.catalina.core.StandardEngine - Starting Servlet engine: [Apache Tomcat/9.0.19] 
12:17:50.699 [main] INFO  o.a.c.core.AprLifecycleListener - An older version [1.2.18] of the APR based Apache Tomcat Native library is installed, while Tomcat recommends a minimum version of [1.2.21] 
12:17:50.700 [main] INFO  o.a.c.core.AprLifecycleListener - Loaded APR based Apache Tomcat Native library [1.2.18] using APR version [1.6.5]. 
12:17:50.700 [main] INFO  o.a.c.core.AprLifecycleListener - APR capabilities: IPv6 [true], sendfile [true], accept filters [false], random [true]. 
12:17:50.700 [main] INFO  o.a.c.core.AprLifecycleListener - APR/OpenSSL configuration: useAprConnector [false], useOpenSSL [true] 
12:17:50.703 [main] INFO  o.a.c.core.AprLifecycleListener - OpenSSL successfully initialized [OpenSSL 1.1.1  11 Sep 2018] 
12:17:50.827 [main] INFO  o.a.c.c.C.[Tomcat].[localhost].[/] - Initializing Spring embedded WebApplicationContext 
12:17:51.203 [main] INFO  o.s.s.c.ThreadPoolTaskExecutor - Initializing ExecutorService 'applicationTaskExecutor' 
12:17:51.538 [main] INFO  o.s.b.w.e.tomcat.TomcatWebServer - Tomcat started on port(s): 8080 (http) with context path '' 
12:17:51.540 [main] INFO  c.e.talkroom.TalkroomApplication - Started TalkroomApplication in 2.256 seconds (JVM running for 3.037) 
12:18:48.553 [main] INFO  c.e.talkroom.TalkroomApplication - Starting TalkroomApplication on ROXI with PID 3580 (D:\SmartFrame\talkroom\target\classes started by Roxi酱 in D:\SmartFrame\talkroom) 
12:18:48.556 [main] INFO  c.e.talkroom.TalkroomApplication - No active profile set, falling back to default profiles: default 
12:18:49.093 [main] INFO  o.s.d.r.c.RepositoryConfigurationDelegate - Multiple Spring Data modules found, entering strict repository configuration mode! 
12:18:49.095 [main] INFO  o.s.d.r.c.RepositoryConfigurationDelegate - Bootstrapping Spring Data repositories in DEFAULT mode. 
12:18:49.116 [main] INFO  o.s.d.r.c.RepositoryConfigurationDelegate - Finished Spring Data repository scanning in 12ms. Found 0 repository interfaces. 
12:18:49.331 [main] INFO  o.s.c.s.PostProcessorRegistrationDelegate$BeanPostProcessorChecker - Bean 'org.springframework.transaction.annotation.ProxyTransactionManagementConfiguration' of type [org.springframework.transaction.annotation.ProxyTransactionManagementConfiguration$$EnhancerBySpringCGLIB$$84187f5d] is not eligible for getting processed by all BeanPostProcessors (for example: not eligible for auto-proxying) 
12:18:49.507 [main] INFO  o.s.b.w.e.tomcat.TomcatWebServer - Tomcat initialized with port(s): 8080 (http) 
12:18:49.522 [main] INFO  o.a.catalina.core.StandardService - Starting service [Tomcat] 
12:18:49.522 [main] INFO  o.a.catalina.core.StandardEngine - Starting Servlet engine: [Apache Tomcat/9.0.19] 
12:18:49.527 [main] INFO  o.a.c.core.AprLifecycleListener - An older version [1.2.18] of the APR based Apache Tomcat Native library is installed, while Tomcat recommends a minimum version of [1.2.21] 
12:18:49.527 [main] INFO  o.a.c.core.AprLifecycleListener - Loaded APR based Apache Tomcat Native library [1.2.18] using APR version [1.6.5]. 
12:18:49.527 [main] INFO  o.a.c.core.AprLifecycleListener - APR capabilities: IPv6 [true], sendfile [true], accept filters [false], random [true]. 
12:18:49.528 [main] INFO  o.a.c.core.AprLifecycleListener - APR/OpenSSL configuration: useAprConnector [false], useOpenSSL [true] 
12:18:49.530 [main] INFO  o.a.c.core.AprLifecycleListener - OpenSSL successfully initialized [OpenSSL 1.1.1  11 Sep 2018] 
12:18:49.636 [main] INFO  o.a.c.c.C.[Tomcat].[localhost].[/] - Initializing Spring embedded WebApplicationContext 
12:18:49.984 [main] INFO  o.s.s.c.ThreadPoolTaskExecutor - Initializing ExecutorService 'applicationTaskExecutor' 
12:18:50.323 [main] INFO  o.s.b.w.e.tomcat.TomcatWebServer - Tomcat started on port(s): 8080 (http) with context path '' 
12:18:50.325 [main] INFO  c.e.talkroom.TalkroomApplication - Started TalkroomApplication in 2.093 seconds (JVM running for 2.909) 
